#
# There is insufficient memory for the Java Runtime Environment to continue.
# Native memory allocation (malloc) failed to allocate 32784 bytes for Chunk::new
# Possible reasons:
#   The system is out of physical RAM or swap space
#   The process is running with CompressedOops enabled, and the Java Heap may be blocking the growth of the native heap
# Possible solutions:
#   Reduce memory load on the system
#   Increase physical memory or swap space
#   Check if swap backing store is full
#   Decrease Java heap size (-Xmx/-Xms)
#   Decrease number of Java threads
#   Decrease Java thread stack sizes (-Xss)
#   Set larger code cache with -XX:ReservedCodeCacheSize=
#   JVM is running with Unscaled Compressed Oops mode in which the Java heap is
#     placed in the first 4GB address space. The Java Heap base address is the
#     maximum limit for the native heap growth. Please use -XX:HeapBaseMinAddress
#     to set the Java Heap base and to place the Java Heap above 4GB virtual address.
# This output file may be truncated or incomplete.
#
#  Out of Memory Error (arena.cpp:189), pid=24200, tid=24620
#
# JRE version: OpenJDK Runtime Environment (17.0.6) (build 17.0.6+0-b2043.56-9586694)
# Java VM: OpenJDK 64-Bit Server VM (17.0.6+0-b2043.56-9586694, mixed mode, tiered, compressed oops, compressed class ptrs, g1 gc, windows-amd64)
# No core dump will be written. Minidumps are not enabled by default on client versions of Windows
#

---------------  S U M M A R Y ------------

Command Line: --add-opens=java.base/java.util=ALL-UNNAMED --add-opens=java.base/java.lang=ALL-UNNAMED --add-opens=java.base/java.lang.invoke=ALL-UNNAMED --add-opens=java.base/java.util=ALL-UNNAMED --add-opens=java.prefs/java.util.prefs=ALL-UNNAMED --add-opens=java.prefs/java.util.prefs=ALL-UNNAMED --add-opens=java.base/java.nio.charset=ALL-UNNAMED --add-opens=java.base/java.net=ALL-UNNAMED --add-opens=java.base/java.util.concurrent.atomic=ALL-UNNAMED -Xmx1536M -Dfile.encoding=windows-1252 -Duser.country=US -Duser.language=en -Duser.variant org.gradle.launcher.daemon.bootstrap.GradleDaemon 7.5

Host: AMD Ryzen 5 3500U with Radeon Vega Mobile Gfx  , 8 cores, 5G,  Windows 11 , 64 bit Build 22621 (10.0.22621.1778)
Time: Wed Jul 12 14:04:04 2023 India Standard Time elapsed time: 31.491377 seconds (0d 0h 0m 31s)

---------------  T H R E A D  ---------------

Current thread (0x000001b3b68456c0):  JavaThread "C2 CompilerThread0" daemon [_thread_in_native, id=24620, stack(0x0000007d84f00000,0x0000007d85000000)]


Current CompileTask:
C2:  31491 9357       4       org.gradle.internal.logging.text.AbstractLineChoppingStyledTextOutput::doAppend (43 bytes)

Stack: [0x0000007d84f00000,0x0000007d85000000]
Native frames: (J=compiled Java code, j=interpreted, Vv=VM code, C=native code)
V  [jvm.dll+0x683b4a]
V  [jvm.dll+0x842654]
V  [jvm.dll+0x843dfe]
V  [jvm.dll+0x844463]
V  [jvm.dll+0x249b75]
V  [jvm.dll+0xabcac]
V  [jvm.dll+0xac27c]
V  [jvm.dll+0x6a8b12]
V  [jvm.dll+0x6a8f53]
V  [jvm.dll+0x6aa764]
V  [jvm.dll+0x344437]
V  [jvm.dll+0x34bb7d]
V  [jvm.dll+0x1a8c2d]
V  [jvm.dll+0x2b0104]
V  [jvm.dll+0x69bf45]
V  [jvm.dll+0x693f0b]
V  [jvm.dll+0x693547]
V  [jvm.dll+0x691442]
V  [jvm.dll+0x1a81fc]
V  [jvm.dll+0x1a8dc6]
V  [jvm.dll+0x2b0104]
V  [jvm.dll+0x69bf45]
V  [jvm.dll+0x693f0b]
V  [jvm.dll+0x693547]
V  [jvm.dll+0x691442]
V  [jvm.dll+0x1a81fc]
V  [jvm.dll+0x1a8dc6]
V  [jvm.dll+0x2b0104]
V  [jvm.dll+0x69bf45]
V  [jvm.dll+0x693f0b]
V  [jvm.dll+0x693547]
V  [jvm.dll+0x691442]
V  [jvm.dll+0x1a81fc]
V  [jvm.dll+0x1a8dc6]
V  [jvm.dll+0x2b0104]
V  [jvm.dll+0x69bf45]
V  [jvm.dll+0x693f0b]
V  [jvm.dll+0x693547]
V  [jvm.dll+0x691442]
V  [jvm.dll+0x1a81fc]
V  [jvm.dll+0x1a8dc6]
V  [jvm.dll+0x2b0104]
V  [jvm.dll+0x69bf45]
V  [jvm.dll+0x693f0b]
V  [jvm.dll+0x693547]
V  [jvm.dll+0x691442]
V  [jvm.dll+0x1a81fc]
V  [jvm.dll+0x1a8dc6]
V  [jvm.dll+0x1a8dc6]
V  [jvm.dll+0x2b0104]
V  [jvm.dll+0x69bf45]
V  [jvm.dll+0x693f0b]
V  [jvm.dll+0x693547]
V  [jvm.dll+0x691442]
V  [jvm.dll+0x1a81fc]
V  [jvm.dll+0x1a8dc6]
V  [jvm.dll+0x1a8dc6]
V  [jvm.dll+0x2b0104]
V  [jvm.dll+0x69bf45]
V  [jvm.dll+0x693f0b]
V  [jvm.dll+0x693547]
V  [jvm.dll+0x691442]
V  [jvm.dll+0x1a81fc]
V  [jvm.dll+0x1a8dc6]
V  [jvm.dll+0x1a8dc6]
V  [jvm.dll+0x2b0104]
V  [jvm.dll+0x69bf45]
V  [jvm.dll+0x693f0b]
V  [jvm.dll+0x693547]
V  [jvm.dll+0x691442]
V  [jvm.dll+0x1a81fc]
V  [jvm.dll+0x1a8dc6]
V  [jvm.dll+0x1a8dc6]
V  [jvm.dll+0x2b0104]
V  [jvm.dll+0x69bf45]
V  [jvm.dll+0x693f0b]
V  [jvm.dll+0x693547]
V  [jvm.dll+0x691442]
V  [jvm.dll+0x1a81fc]
V  [jvm.dll+0x1a8dc6]
V  [jvm.dll+0x2b0104]
V  [jvm.dll+0x69bf45]
V  [jvm.dll+0x693f0b]
V  [jvm.dll+0x693547]
V  [jvm.dll+0x691442]
V  [jvm.dll+0x1a81fc]
V  [jvm.dll+0x21b1e8]
V  [jvm.dll+0x1a4fdd]
V  [jvm.dll+0x22b098]
V  [jvm.dll+0x229159]
V  [jvm.dll+0x7f809c]
V  [jvm.dll+0x7f25fa]
V  [jvm.dll+0x682985]
C  [ucrtbase.dll+0x29363]
C  [KERNEL32.DLL+0x126ad]
C  [ntdll.dll+0x5a9f8]


---------------  P R O C E S S  ---------------

Threads class SMR info:
_java_thread_list=0x000001b3bfc1dd80, length=137, elements={
0x000001b39d4900a0, 0x000001b3b5ff7a20, 0x000001b3b5ff82e0, 0x000001b3b683e330,
0x000001b3b6840c00, 0x000001b3b68414c0, 0x000001b3b6841d80, 0x000001b3b68456c0,
0x000001b3b685aab0, 0x000001b3b685b3b0, 0x000001b3b69bf3f0, 0x000001b3b69e5c40,
0x000001b3b922b0b0, 0x000001b3b76b5360, 0x000001b3b7db8080, 0x000001b3b84be680,
0x000001b3b84beb50, 0x000001b3b93f3ef0, 0x000001b3b93f3550, 0x000001b3b93f4d60,
0x000001b3b93f3a20, 0x000001b3b93f60a0, 0x000001b3b93f5700, 0x000001b3b93f5bd0,
0x000001b3b93f43c0, 0x000001b3b93f6570, 0x000001b3b93f6a40, 0x000001b3b93f3080,
0x000001b3b93f5230, 0x000001b3b95e2a40, 0x000001b3b95df080, 0x000001b3b95e38b0,
0x000001b3b95e1700, 0x000001b3b95dca00, 0x000001b3b95de210, 0x000001b3b95dced0,
0x000001b3b95dd3a0, 0x000001b3b95e20a0, 0x000001b3b95ddd40, 0x000001b3b95e33e0,
0x000001b3b95e0890, 0x000001b3b95dc060, 0x000001b3b95debb0, 0x000001b3b95e2570,
0x000001b3b95df550, 0x000001b3b95dfa20, 0x000001b3b95dd870, 0x000001b3b95e1bd0,
0x000001b3b95dfef0, 0x000001b3b95e0d60, 0x000001b3b95e1230, 0x000001b3b785a8d0,
0x000001b3b785ada0, 0x000001b3b785c5b0, 0x000001b3b785ca80, 0x000001b3b78573e0,
0x000001b3b7858720, 0x000001b3b785b270, 0x000001b3b7858bf0, 0x000001b3b7859590,
0x000001b3b7858250, 0x000001b3b7857d80, 0x000001b3b7855230, 0x000001b3b785b740,
0x000001b3b7855700, 0x000001b3b7855bd0, 0x000001b3b78590c0, 0x000001b3b7859a60,
0x000001b3b78560a0, 0x000001b3b7856570, 0x000001b3b78578b0, 0x000001b3b7859f30,
0x000001b3b785a400, 0x000001b3b7856a40, 0x000001b3b785bc10, 0x000001b3b785c0e0,
0x000001b3b7856f10, 0x000001b3b7721450, 0x000001b3b7720ab0, 0x000001b3b7723fa0,
0x000001b3b7722790, 0x000001b3b7721920, 0x000001b3b7721df0, 0x000001b3b77222c0,
0x000001b3b7722c60, 0x000001b3b7720f80, 0x000001b3b771e900, 0x000001b3b7723130,
0x000001b3b771f2a0, 0x000001b3b7723600, 0x000001b3b771f770, 0x000001b3b771edd0,
0x000001b3b7720110, 0x000001b3b7724e10, 0x000001b3b771fc40, 0x000001b3b77205e0,
0x000001b3b7723ad0, 0x000001b3b7724940, 0x000001b3b77252e0, 0x000001b3b771da90,
0x000001b3b7724470, 0x000001b3b771df60, 0x000001b3b771e430, 0x000001b3b74eb2c0,
0x000001b3b74ebc60, 0x000001b3b74ea920, 0x000001b3b74eb790, 0x000001b3b74ea450,
0x000001b3b74ecad0, 0x000001b3b74ee7b0, 0x000001b3b74ec130, 0x000001b3b74eec80,
0x000001b3b74eadf0, 0x000001b3b74f0960, 0x000001b3b74ef620, 0x000001b3b74ecfa0,
0x000001b3b74f1300, 0x000001b3b74efaf0, 0x000001b3b74ef150, 0x000001b3b74ec600,
0x000001b3b74ed940, 0x000001b3b74effc0, 0x000001b3b74f0e30, 0x000001b3b74e9f80,
0x000001b3b74ee2e0, 0x000001b3be2c0a50, 0x000001b3be2c4410, 0x000001b3be2c00b0,
0x000001b3be2c0f20, 0x000001b3be2c35a0, 0x000001b3be2c65c0, 0x000001b3be2c5280,
0x000001b3be2c13f0, 0x000001b3be2c0580, 0x000001b3be2c48e0, 0x000001b3be2c1d90,
0x000001b3be2c4db0
}

Java Threads: ( => current thread )
  0x000001b39d4900a0 JavaThread "main" [_thread_blocked, id=5552, stack(0x0000007d84200000,0x0000007d84300000)]
  0x000001b3b5ff7a20 JavaThread "Reference Handler" daemon [_thread_blocked, id=25320, stack(0x0000007d84900000,0x0000007d84a00000)]
  0x000001b3b5ff82e0 JavaThread "Finalizer" daemon [_thread_blocked, id=1996, stack(0x0000007d84a00000,0x0000007d84b00000)]
  0x000001b3b683e330 JavaThread "Signal Dispatcher" daemon [_thread_blocked, id=11596, stack(0x0000007d84b00000,0x0000007d84c00000)]
  0x000001b3b6840c00 JavaThread "Attach Listener" daemon [_thread_blocked, id=23976, stack(0x0000007d84c00000,0x0000007d84d00000)]
  0x000001b3b68414c0 JavaThread "Service Thread" daemon [_thread_blocked, id=19496, stack(0x0000007d84d00000,0x0000007d84e00000)]
  0x000001b3b6841d80 JavaThread "Monitor Deflation Thread" daemon [_thread_blocked, id=1208, stack(0x0000007d84e00000,0x0000007d84f00000)]
=>0x000001b3b68456c0 JavaThread "C2 CompilerThread0" daemon [_thread_in_native, id=24620, stack(0x0000007d84f00000,0x0000007d85000000)]
  0x000001b3b685aab0 JavaThread "C1 CompilerThread0" daemon [_thread_blocked, id=17784, stack(0x0000007d85000000,0x0000007d85100000)]
  0x000001b3b685b3b0 JavaThread "Sweeper thread" daemon [_thread_blocked, id=21984, stack(0x0000007d85100000,0x0000007d85200000)]
  0x000001b3b69bf3f0 JavaThread "Common-Cleaner" daemon [_thread_blocked, id=19308, stack(0x0000007d85200000,0x0000007d85300000)]
  0x000001b3b69e5c40 JavaThread "Notification Thread" daemon [_thread_blocked, id=16084, stack(0x0000007d85300000,0x0000007d85400000)]
  0x000001b3b922b0b0 JavaThread "Daemon health stats" [_thread_blocked, id=15168, stack(0x0000007d85900000,0x0000007d85a00000)]
  0x000001b3b76b5360 JavaThread "Incoming local TCP Connector on port 60246" [_thread_in_native, id=6200, stack(0x0000007d85a00000,0x0000007d85b00000)]
  0x000001b3b7db8080 JavaThread "Daemon periodic checks" [_thread_blocked, id=25540, stack(0x0000007d85b00000,0x0000007d85c00000)]
  0x000001b3b84be680 JavaThread "Daemon" [_thread_blocked, id=21604, stack(0x0000007d85c00000,0x0000007d85d00000)]
  0x000001b3b84beb50 JavaThread "Handler for socket connection from /127.0.0.1:60246 to /127.0.0.1:60247" [_thread_in_native, id=23752, stack(0x0000007d85d00000,0x0000007d85e00000)]
  0x000001b3b93f3ef0 JavaThread "Cancel handler" [_thread_blocked, id=9412, stack(0x0000007d85e00000,0x0000007d85f00000)]
  0x000001b3b93f3550 JavaThread "Daemon worker" [_thread_blocked, id=1796, stack(0x0000007d85f00000,0x0000007d86000000)]
  0x000001b3b93f4d60 JavaThread "Asynchronous log dispatcher for DefaultDaemonConnection: socket connection from /127.0.0.1:60246 to /127.0.0.1:60247" [_thread_blocked, id=9728, stack(0x0000007d86000000,0x0000007d86100000)]
  0x000001b3b93f3a20 JavaThread "Stdin handler" [_thread_blocked, id=21096, stack(0x0000007d86100000,0x0000007d86200000)]
  0x000001b3b93f60a0 JavaThread "Daemon client event forwarder" [_thread_blocked, id=6820, stack(0x0000007d86200000,0x0000007d86300000)]
  0x000001b3b93f5700 JavaThread "Cache worker for journal cache (C:\Users\HariOm\.gradle\caches\journal-1)" [_thread_blocked, id=4440, stack(0x0000007d86300000,0x0000007d86400000)]
  0x000001b3b93f5bd0 JavaThread "File lock request listener" [_thread_in_native, id=24864, stack(0x0000007d86400000,0x0000007d86500000)]
  0x000001b3b93f43c0 JavaThread "Cache worker for file hash cache (C:\Users\HariOm\.gradle\caches\7.5\fileHashes)" [_thread_blocked, id=16952, stack(0x0000007d86900000,0x0000007d86a00000)]
  0x000001b3b93f6570 JavaThread "File watcher server" daemon [_thread_in_native, id=23196, stack(0x0000007d86a00000,0x0000007d86b00000)]
  0x000001b3b93f6a40 JavaThread "File watcher consumer" daemon [_thread_blocked, id=7980, stack(0x0000007d86b00000,0x0000007d86c00000)]
  0x000001b3b93f3080 JavaThread "Cache worker for checksums cache (G:\EXTRA_LEARNING\Extra_Learning\App Development Learners space\Week1\Up_Down_Counter_App\up_down_counter\android\.gradle\7.5\checksums)" [_thread_blocked, id=15572, stack(0x0000007d86c00000,0x0000007d86d00000)]
  0x000001b3b93f5230 JavaThread "Cache worker for cache directory md-rule (C:\Users\HariOm\.gradle\caches\7.5\md-rule)" [_thread_blocked, id=13428, stack(0x0000007d86d00000,0x0000007d86e00000)]
  0x000001b3b95e2a40 JavaThread "Cache worker for file content cache (C:\Users\HariOm\.gradle\caches\7.5\fileContent)" [_thread_blocked, id=16344, stack(0x0000007d86e00000,0x0000007d86f00000)]
  0x000001b3b95df080 JavaThread "Cache worker for file hash cache (G:\EXTRA_LEARNING\Extra_Learning\App Development Learners space\Week1\Up_Down_Counter_App\up_down_counter\android\.gradle\7.5\fileHashes)" [_thread_blocked, id=24380, stack(0x0000007d86f00000,0x0000007d87000000)]
  0x000001b3b95e38b0 JavaThread "Cache worker for cache directory md-supplier (C:\Users\HariOm\.gradle\caches\7.5\md-supplier)" [_thread_blocked, id=23132, stack(0x0000007d87000000,0x0000007d87100000)]
  0x000001b3b95e1700 JavaThread "Cache worker for execution history cache (C:\Users\HariOm\.gradle\caches\7.5\executionHistory)" [_thread_blocked, id=15504, stack(0x0000007d87100000,0x0000007d87200000)]
  0x000001b3b95dca00 JavaThread "jar transforms" [_thread_blocked, id=15324, stack(0x0000007d87200000,0x0000007d87300000)]
  0x000001b3b95de210 JavaThread "jar transforms Thread 2" [_thread_blocked, id=13620, stack(0x0000007d87300000,0x0000007d87400000)]
  0x000001b3b95dced0 JavaThread "jar transforms Thread 3" [_thread_blocked, id=18044, stack(0x0000007d87400000,0x0000007d87500000)]
  0x000001b3b95dd3a0 JavaThread "jar transforms Thread 4" [_thread_blocked, id=18952, stack(0x0000007d87500000,0x0000007d87600000)]
  0x000001b3b95e20a0 JavaThread "Cache worker for dependencies-accessors (G:\EXTRA_LEARNING\Extra_Learning\App Development Learners space\Week1\Up_Down_Counter_App\up_down_counter\android\.gradle\7.5\dependencies-accessors)" [_thread_blocked, id=3924, stack(0x0000007d87600000,0x0000007d87700000)]
  0x000001b3b95ddd40 JavaThread "jar transforms Thread 5" [_thread_blocked, id=17364, stack(0x0000007d87700000,0x0000007d87800000)]
  0x000001b3b95e33e0 JavaThread "Cache worker for Build Output Cleanup Cache (G:\EXTRA_LEARNING\Extra_Learning\App Development Learners space\Week1\Up_Down_Counter_App\up_down_counter\android\.gradle\buildOutputCleanup)" [_thread_blocked, id=21844, stack(0x0000007d87800000,0x0000007d87900000)]
  0x000001b3b95e0890 JavaThread "Unconstrained build operations" [_thread_blocked, id=6324, stack(0x0000007d87900000,0x0000007d87a00000)]
  0x000001b3b95dc060 JavaThread "Unconstrained build operations Thread 2" [_thread_blocked, id=13624, stack(0x0000007d87a00000,0x0000007d87b00000)]
  0x000001b3b95debb0 JavaThread "Unconstrained build operations Thread 3" [_thread_blocked, id=17720, stack(0x0000007d87b00000,0x0000007d87c00000)]
  0x000001b3b95e2570 JavaThread "Unconstrained build operations Thread 4" [_thread_blocked, id=8508, stack(0x0000007d87c00000,0x0000007d87d00000)]
  0x000001b3b95df550 JavaThread "Unconstrained build operations Thread 5" [_thread_blocked, id=11956, stack(0x0000007d87d00000,0x0000007d87e00000)]
  0x000001b3b95dfa20 JavaThread "Unconstrained build operations Thread 6" [_thread_blocked, id=20248, stack(0x0000007d87e00000,0x0000007d87f00000)]
  0x000001b3b95dd870 JavaThread "Unconstrained build operations Thread 7" [_thread_blocked, id=21148, stack(0x0000007d87f00000,0x0000007d88000000)]
  0x000001b3b95e1bd0 JavaThread "Unconstrained build operations Thread 8" [_thread_blocked, id=6212, stack(0x0000007d88000000,0x0000007d88100000)]
  0x000001b3b95dfef0 JavaThread "Unconstrained build operations Thread 9" [_thread_blocked, id=22716, stack(0x0000007d88100000,0x0000007d88200000)]
  0x000001b3b95e0d60 JavaThread "Unconstrained build operations Thread 10" [_thread_blocked, id=10184, stack(0x0000007d88200000,0x0000007d88300000)]
  0x000001b3b95e1230 JavaThread "Unconstrained build operations Thread 11" [_thread_blocked, id=12080, stack(0x0000007d88300000,0x0000007d88400000)]
  0x000001b3b785a8d0 JavaThread "Unconstrained build operations Thread 12" [_thread_blocked, id=18040, stack(0x0000007d88400000,0x0000007d88500000)]
  0x000001b3b785ada0 JavaThread "Unconstrained build operations Thread 13" [_thread_blocked, id=12400, stack(0x0000007d88500000,0x0000007d88600000)]
  0x000001b3b785c5b0 JavaThread "Unconstrained build operations Thread 14" [_thread_blocked, id=24596, stack(0x0000007d88600000,0x0000007d88700000)]
  0x000001b3b785ca80 JavaThread "Unconstrained build operations Thread 15" [_thread_blocked, id=24856, stack(0x0000007d88700000,0x0000007d88800000)]
  0x000001b3b78573e0 JavaThread "Unconstrained build operations Thread 16" [_thread_blocked, id=19020, stack(0x0000007d88800000,0x0000007d88900000)]
  0x000001b3b7858720 JavaThread "Unconstrained build operations Thread 17" [_thread_blocked, id=25568, stack(0x0000007d88900000,0x0000007d88a00000)]
  0x000001b3b785b270 JavaThread "Unconstrained build operations Thread 18" [_thread_blocked, id=17872, stack(0x0000007d88a00000,0x0000007d88b00000)]
  0x000001b3b7858bf0 JavaThread "Unconstrained build operations Thread 19" [_thread_blocked, id=18036, stack(0x0000007d88b00000,0x0000007d88c00000)]
  0x000001b3b7859590 JavaThread "Unconstrained build operations Thread 20" [_thread_blocked, id=20204, stack(0x0000007d88c00000,0x0000007d88d00000)]
  0x000001b3b7858250 JavaThread "Unconstrained build operations Thread 21" [_thread_blocked, id=23524, stack(0x0000007d88d00000,0x0000007d88e00000)]
  0x000001b3b7857d80 JavaThread "Unconstrained build operations Thread 22" [_thread_blocked, id=24068, stack(0x0000007d88e00000,0x0000007d88f00000)]
  0x000001b3b7855230 JavaThread "Unconstrained build operations Thread 23" [_thread_blocked, id=19960, stack(0x0000007d88f00000,0x0000007d89000000)]
  0x000001b3b785b740 JavaThread "Unconstrained build operations Thread 24" [_thread_blocked, id=23292, stack(0x0000007d89000000,0x0000007d89100000)]
  0x000001b3b7855700 JavaThread "Unconstrained build operations Thread 25" [_thread_blocked, id=19632, stack(0x0000007d89100000,0x0000007d89200000)]
  0x000001b3b7855bd0 JavaThread "Unconstrained build operations Thread 26" [_thread_blocked, id=20420, stack(0x0000007d89200000,0x0000007d89300000)]
  0x000001b3b78590c0 JavaThread "Unconstrained build operations Thread 27" [_thread_blocked, id=7024, stack(0x0000007d89300000,0x0000007d89400000)]
  0x000001b3b7859a60 JavaThread "Unconstrained build operations Thread 28" [_thread_blocked, id=10364, stack(0x0000007d89400000,0x0000007d89500000)]
  0x000001b3b78560a0 JavaThread "Unconstrained build operations Thread 29" [_thread_blocked, id=11640, stack(0x0000007d89500000,0x0000007d89600000)]
  0x000001b3b7856570 JavaThread "Unconstrained build operations Thread 30" [_thread_blocked, id=24148, stack(0x0000007d89600000,0x0000007d89700000)]
  0x000001b3b78578b0 JavaThread "Unconstrained build operations Thread 31" [_thread_blocked, id=18476, stack(0x0000007d89700000,0x0000007d89800000)]
  0x000001b3b7859f30 JavaThread "Unconstrained build operations Thread 32" [_thread_blocked, id=19712, stack(0x0000007d89800000,0x0000007d89900000)]
  0x000001b3b785a400 JavaThread "Unconstrained build operations Thread 33" [_thread_blocked, id=13444, stack(0x0000007d89900000,0x0000007d89a00000)]
  0x000001b3b7856a40 JavaThread "Unconstrained build operations Thread 34" [_thread_blocked, id=21500, stack(0x0000007d89a00000,0x0000007d89b00000)]
  0x000001b3b785bc10 JavaThread "Unconstrained build operations Thread 35" [_thread_blocked, id=15492, stack(0x0000007d89b00000,0x0000007d89c00000)]
  0x000001b3b785c0e0 JavaThread "Unconstrained build operations Thread 36" [_thread_blocked, id=7680, stack(0x0000007d89c00000,0x0000007d89d00000)]
  0x000001b3b7856f10 JavaThread "Unconstrained build operations Thread 37" [_thread_blocked, id=16088, stack(0x0000007d89d00000,0x0000007d89e00000)]
  0x000001b3b7721450 JavaThread "Unconstrained build operations Thread 38" [_thread_blocked, id=23068, stack(0x0000007d89e00000,0x0000007d89f00000)]
  0x000001b3b7720ab0 JavaThread "Unconstrained build operations Thread 39" [_thread_blocked, id=24556, stack(0x0000007d89f00000,0x0000007d8a000000)]
  0x000001b3b7723fa0 JavaThread "Unconstrained build operations Thread 40" [_thread_blocked, id=9756, stack(0x0000007d8a000000,0x0000007d8a100000)]
  0x000001b3b7722790 JavaThread "Unconstrained build operations Thread 41" [_thread_blocked, id=20872, stack(0x0000007d8a100000,0x0000007d8a200000)]
  0x000001b3b7721920 JavaThread "Unconstrained build operations Thread 42" [_thread_blocked, id=11668, stack(0x0000007d8a200000,0x0000007d8a300000)]
  0x000001b3b7721df0 JavaThread "Unconstrained build operations Thread 43" [_thread_blocked, id=23832, stack(0x0000007d8a300000,0x0000007d8a400000)]
  0x000001b3b77222c0 JavaThread "Unconstrained build operations Thread 44" [_thread_blocked, id=25224, stack(0x0000007d8a400000,0x0000007d8a500000)]
  0x000001b3b7722c60 JavaThread "Unconstrained build operations Thread 45" [_thread_blocked, id=9904, stack(0x0000007d8a500000,0x0000007d8a600000)]
  0x000001b3b7720f80 JavaThread "Unconstrained build operations Thread 46" [_thread_blocked, id=11476, stack(0x0000007d8a600000,0x0000007d8a700000)]
  0x000001b3b771e900 JavaThread "Unconstrained build operations Thread 47" [_thread_blocked, id=14584, stack(0x0000007d8a700000,0x0000007d8a800000)]
  0x000001b3b7723130 JavaThread "Unconstrained build operations Thread 48" [_thread_blocked, id=4616, stack(0x0000007d8a800000,0x0000007d8a900000)]
  0x000001b3b771f2a0 JavaThread "Unconstrained build operations Thread 49" [_thread_blocked, id=15912, stack(0x0000007d8a900000,0x0000007d8aa00000)]
  0x000001b3b7723600 JavaThread "Unconstrained build operations Thread 50" [_thread_blocked, id=10328, stack(0x0000007d8aa00000,0x0000007d8ab00000)]
  0x000001b3b771f770 JavaThread "Unconstrained build operations Thread 51" [_thread_blocked, id=9376, stack(0x0000007d8ab00000,0x0000007d8ac00000)]
  0x000001b3b771edd0 JavaThread "Unconstrained build operations Thread 52" [_thread_blocked, id=4804, stack(0x0000007d8ac00000,0x0000007d8ad00000)]
  0x000001b3b7720110 JavaThread "Unconstrained build operations Thread 53" [_thread_blocked, id=7404, stack(0x0000007d8ad00000,0x0000007d8ae00000)]
  0x000001b3b7724e10 JavaThread "Unconstrained build operations Thread 54" [_thread_blocked, id=15156, stack(0x0000007d8ae00000,0x0000007d8af00000)]
  0x000001b3b771fc40 JavaThread "Unconstrained build operations Thread 55" [_thread_blocked, id=13408, stack(0x0000007d8af00000,0x0000007d8b000000)]
  0x000001b3b77205e0 JavaThread "Unconstrained build operations Thread 56" [_thread_blocked, id=11736, stack(0x0000007d8b000000,0x0000007d8b100000)]
  0x000001b3b7723ad0 JavaThread "Unconstrained build operations Thread 57" [_thread_blocked, id=4516, stack(0x0000007d8b100000,0x0000007d8b200000)]
  0x000001b3b7724940 JavaThread "Unconstrained build operations Thread 58" [_thread_blocked, id=9772, stack(0x0000007d8b200000,0x0000007d8b300000)]
  0x000001b3b77252e0 JavaThread "Unconstrained build operations Thread 59" [_thread_blocked, id=24736, stack(0x0000007d8b300000,0x0000007d8b400000)]
  0x000001b3b771da90 JavaThread "Unconstrained build operations Thread 60" [_thread_blocked, id=18660, stack(0x0000007d8b400000,0x0000007d8b500000)]
  0x000001b3b7724470 JavaThread "Unconstrained build operations Thread 61" [_thread_blocked, id=21156, stack(0x0000007d8b500000,0x0000007d8b600000)]
  0x000001b3b771df60 JavaThread "Unconstrained build operations Thread 62" [_thread_blocked, id=6148, stack(0x0000007d8b600000,0x0000007d8b700000)]
  0x000001b3b771e430 JavaThread "Unconstrained build operations Thread 63" [_thread_blocked, id=14992, stack(0x0000007d8b700000,0x0000007d8b800000)]
  0x000001b3b74eb2c0 JavaThread "Unconstrained build operations Thread 64" [_thread_blocked, id=13540, stack(0x0000007d8b800000,0x0000007d8b900000)]
  0x000001b3b74ebc60 JavaThread "Unconstrained build operations Thread 65" [_thread_blocked, id=18348, stack(0x0000007d8b900000,0x0000007d8ba00000)]
  0x000001b3b74ea920 JavaThread "Unconstrained build operations Thread 66" [_thread_blocked, id=13064, stack(0x0000007d8ba00000,0x0000007d8bb00000)]
  0x000001b3b74eb790 JavaThread "Unconstrained build operations Thread 67" [_thread_blocked, id=18884, stack(0x0000007d8bb00000,0x0000007d8bc00000)]
  0x000001b3b74ea450 JavaThread "Unconstrained build operations Thread 68" [_thread_blocked, id=14280, stack(0x0000007d8bc00000,0x0000007d8bd00000)]
  0x000001b3b74ecad0 JavaThread "Unconstrained build operations Thread 69" [_thread_blocked, id=16244, stack(0x0000007d8bd00000,0x0000007d8be00000)]
  0x000001b3b74ee7b0 JavaThread "Unconstrained build operations Thread 70" [_thread_blocked, id=3564, stack(0x0000007d8be00000,0x0000007d8bf00000)]
  0x000001b3b74ec130 JavaThread "Unconstrained build operations Thread 71" [_thread_blocked, id=4844, stack(0x0000007d8bf00000,0x0000007d8c000000)]
  0x000001b3b74eec80 JavaThread "Unconstrained build operations Thread 72" [_thread_blocked, id=17712, stack(0x0000007d8c000000,0x0000007d8c100000)]
  0x000001b3b74eadf0 JavaThread "Unconstrained build operations Thread 73" [_thread_blocked, id=18860, stack(0x0000007d8c100000,0x0000007d8c200000)]
  0x000001b3b74f0960 JavaThread "Unconstrained build operations Thread 74" [_thread_blocked, id=11900, stack(0x0000007d8c200000,0x0000007d8c300000)]
  0x000001b3b74ef620 JavaThread "Unconstrained build operations Thread 75" [_thread_blocked, id=15344, stack(0x0000007d8c300000,0x0000007d8c400000)]
  0x000001b3b74ecfa0 JavaThread "Unconstrained build operations Thread 76" [_thread_blocked, id=24984, stack(0x0000007d8c400000,0x0000007d8c500000)]
  0x000001b3b74f1300 JavaThread "Unconstrained build operations Thread 77" [_thread_blocked, id=2548, stack(0x0000007d8c500000,0x0000007d8c600000)]
  0x000001b3b74efaf0 JavaThread "Unconstrained build operations Thread 78" [_thread_blocked, id=8556, stack(0x0000007d8c600000,0x0000007d8c700000)]
  0x000001b3b74ef150 JavaThread "Unconstrained build operations Thread 79" [_thread_blocked, id=24236, stack(0x0000007d8c700000,0x0000007d8c800000)]
  0x000001b3b74ec600 JavaThread "Unconstrained build operations Thread 80" [_thread_blocked, id=23332, stack(0x0000007d8c800000,0x0000007d8c900000)]
  0x000001b3b74ed940 JavaThread "jar transforms Thread 6" [_thread_blocked, id=16624, stack(0x0000007d8c900000,0x0000007d8ca00000)]
  0x000001b3b74effc0 JavaThread "jar transforms Thread 7" [_thread_blocked, id=19912, stack(0x0000007d8ca00000,0x0000007d8cb00000)]
  0x000001b3b74f0e30 JavaThread "jar transforms Thread 8" [_thread_blocked, id=16840, stack(0x0000007d8cb00000,0x0000007d8cc00000)]
  0x000001b3b74e9f80 JavaThread "Memory manager" [_thread_blocked, id=9452, stack(0x0000007d8cc00000,0x0000007d8cd00000)]
  0x000001b3b74ee2e0 JavaThread "Cache worker for kotlin-dsl (C:\Users\HariOm\.gradle\caches\7.5\kotlin-dsl)" [_thread_blocked, id=8536, stack(0x0000007d8cd00000,0x0000007d8ce00000)]
  0x000001b3be2c0a50 JavaThread "included builds" [_thread_blocked, id=4792, stack(0x0000007d8ce00000,0x0000007d8cf00000)]
  0x000001b3be2c4410 JavaThread "Execution worker" [_thread_blocked, id=10180, stack(0x0000007d8cf00000,0x0000007d8d000000)]
  0x000001b3be2c00b0 JavaThread "Execution worker Thread 2" [_thread_blocked, id=6232, stack(0x0000007d8d000000,0x0000007d8d100000)]
  0x000001b3be2c0f20 JavaThread "Execution worker Thread 3" [_thread_blocked, id=1332, stack(0x0000007d8d100000,0x0000007d8d200000)]
  0x000001b3be2c35a0 JavaThread "Execution worker Thread 4" [_thread_blocked, id=22760, stack(0x0000007d8d200000,0x0000007d8d300000)]
  0x000001b3be2c65c0 JavaThread "Execution worker Thread 5" [_thread_blocked, id=25588, stack(0x0000007d8d300000,0x0000007d8d400000)]
  0x000001b3be2c5280 JavaThread "Execution worker Thread 6" [_thread_blocked, id=23776, stack(0x0000007d8d400000,0x0000007d8d500000)]
  0x000001b3be2c13f0 JavaThread "Execution worker Thread 7" [_thread_blocked, id=13632, stack(0x0000007d8d500000,0x0000007d8d600000)]
  0x000001b3be2c0580 JavaThread "Cache worker for execution history cache (G:\EXTRA_LEARNING\Extra_Learning\App Development Learners space\Week1\Up_Down_Counter_App\up_down_counter\android\.gradle\7.5\executionHistory)" [_thread_blocked, id=14000, stack(0x0000007d8d600000,0x0000007d8d700000)]
  0x000001b3be2c48e0 JavaThread "Exec process" [_thread_in_native, id=14756, stack(0x0000007d8d700000,0x0000007d8d800000)]
  0x000001b3be2c1d90 JavaThread "Exec process Thread 2" [_thread_in_native, id=18460, stack(0x0000007d8d800000,0x0000007d8d900000)]
  0x000001b3be2c4db0 JavaThread "Exec process Thread 3" [_thread_in_native, id=4300, stack(0x0000007d8d900000,0x0000007d8da00000)]

Other Threads:
  0x000001b3b5fe2060 VMThread "VM Thread" [stack: 0x0000007d84800000,0x0000007d84900000] [id=24300]
  0x000001b39d4f9100 WatcherThread [stack: 0x0000007d85400000,0x0000007d85500000] [id=15484]
  0x000001b39d4df9a0 GCTaskThread "GC Thread#0" [stack: 0x0000007d84300000,0x0000007d84400000] [id=12580]
  0x000001b3b767b290 GCTaskThread "GC Thread#1" [stack: 0x0000007d85500000,0x0000007d85600000] [id=8520]
  0x000001b3b6df20e0 GCTaskThread "GC Thread#2" [stack: 0x0000007d85600000,0x0000007d85700000] [id=23160]
  0x000001b3b7f05820 GCTaskThread "GC Thread#3" [stack: 0x0000007d85700000,0x0000007d85800000] [id=24816]
  0x000001b3b6d11c60 GCTaskThread "GC Thread#4" [stack: 0x0000007d85800000,0x0000007d85900000] [id=8168]
  0x000001b3b950a3a0 GCTaskThread "GC Thread#5" [stack: 0x0000007d86500000,0x0000007d86600000] [id=1132]
  0x000001b3b950a650 GCTaskThread "GC Thread#6" [stack: 0x0000007d86600000,0x0000007d86700000] [id=22332]
  0x000001b3b9069b10 GCTaskThread "GC Thread#7" [stack: 0x0000007d86700000,0x0000007d86800000] [id=18644]
  0x000001b39d4ecca0 ConcurrentGCThread "G1 Main Marker" [stack: 0x0000007d84400000,0x0000007d84500000] [id=20068]
  0x000001b39d4edc00 ConcurrentGCThread "G1 Conc#0" [stack: 0x0000007d84500000,0x0000007d84600000] [id=21904]
  0x000001b3b90653c0 ConcurrentGCThread "G1 Conc#1" [stack: 0x0000007d86800000,0x0000007d86900000] [id=7696]
  0x000001b3b5e3f500 ConcurrentGCThread "G1 Refine#0" [stack: 0x0000007d84600000,0x0000007d84700000] [id=19848]
  0x000001b39d54d360 ConcurrentGCThread "G1 Service" [stack: 0x0000007d84700000,0x0000007d84800000] [id=16872]

Threads with active compile tasks:
C2 CompilerThread0    32587 9357       4       org.gradle.internal.logging.text.AbstractLineChoppingStyledTextOutput::doAppend (43 bytes)

VM state: not at safepoint (normal execution)

VM Mutex/Monitor currently owned by a thread: None

Heap address: 0x00000000a0000000, size: 1536 MB, Compressed Oops mode: 32-bit

CDS archive(s) not mapped
Compressed class space mapped at: 0x0000000100000000-0x0000000140000000, reserved size: 1073741824
Narrow klass base: 0x0000000000000000, Narrow klass shift: 3, Narrow klass range: 0x140000000

GC Precious Log:
 CPUs: 8 total, 8 available
 Memory: 6086M
 Large Page Support: Disabled
 NUMA Support: Disabled
 Compressed Oops: Enabled (32-bit)
 Heap Region Size: 1M
 Heap Min Capacity: 8M
 Heap Initial Capacity: 96M
 Heap Max Capacity: 1536M
 Pre-touch: Disabled
 Parallel Workers: 8
 Concurrent Workers: 2
 Concurrent Refinement Workers: 8
 Periodic GC: Disabled

Heap:
 garbage-first heap   total 161792K, used 118902K [0x00000000a0000000, 0x0000000100000000)
  region size 1024K, 43 young (44032K), 4 survivors (4096K)
 Metaspace       used 88960K, committed 89664K, reserved 1130496K
  class space    used 12207K, committed 12480K, reserved 1048576K

Heap Regions: E=young(eden), S=young(survivor), O=old, HS=humongous(starts), HC=humongous(continues), CS=collection set, F=free, OA=open archive, CA=closed archive, TAMS=top-at-mark-start (previous, next)
|   0|0x00000000a0000000, 0x00000000a0100000, 0x00000000a0100000|100%| O|  |TAMS 0x00000000a0100000, 0x00000000a0000000| Untracked 
|   1|0x00000000a0100000, 0x00000000a0200000, 0x00000000a0200000|100%| O|  |TAMS 0x00000000a0200000, 0x00000000a0100000| Untracked 
|   2|0x00000000a0200000, 0x00000000a0300000, 0x00000000a0300000|100%| O|  |TAMS 0x00000000a0300000, 0x00000000a0200000| Untracked 
|   3|0x00000000a0300000, 0x00000000a0400000, 0x00000000a0400000|100%|HS|  |TAMS 0x00000000a0400000, 0x00000000a0300000| Complete 
|   4|0x00000000a0400000, 0x00000000a0500000, 0x00000000a0500000|100%|HC|  |TAMS 0x00000000a0500000, 0x00000000a0400000| Complete 
|   5|0x00000000a0500000, 0x00000000a0600000, 0x00000000a0600000|100%|HC|  |TAMS 0x00000000a0600000, 0x00000000a0500000| Complete 
|   6|0x00000000a0600000, 0x00000000a0700000, 0x00000000a0700000|100%| O|  |TAMS 0x00000000a0700000, 0x00000000a0600000| Untracked 
|   7|0x00000000a0700000, 0x00000000a0800000, 0x00000000a0800000|100%| O|  |TAMS 0x00000000a0800000, 0x00000000a0700000| Untracked 
|   8|0x00000000a0800000, 0x00000000a0900000, 0x00000000a0900000|100%| O|  |TAMS 0x00000000a0900000, 0x00000000a0800000| Untracked 
|   9|0x00000000a0900000, 0x00000000a0a00000, 0x00000000a0a00000|100%| O|  |TAMS 0x00000000a0a00000, 0x00000000a0900000| Untracked 
|  10|0x00000000a0a00000, 0x00000000a0b00000, 0x00000000a0b00000|100%| O|  |TAMS 0x00000000a0b00000, 0x00000000a0a00000| Untracked 
|  11|0x00000000a0b00000, 0x00000000a0c00000, 0x00000000a0c00000|100%| O|  |TAMS 0x00000000a0c00000, 0x00000000a0b00000| Untracked 
|  12|0x00000000a0c00000, 0x00000000a0cf5e00, 0x00000000a0d00000| 96%| O|  |TAMS 0x00000000a0cf5e00, 0x00000000a0c00000| Untracked 
|  13|0x00000000a0d00000, 0x00000000a0e00000, 0x00000000a0e00000|100%| O|  |TAMS 0x00000000a0e00000, 0x00000000a0d00000| Untracked 
|  14|0x00000000a0e00000, 0x00000000a0f00000, 0x00000000a0f00000|100%| O|  |TAMS 0x00000000a0f00000, 0x00000000a0e00000| Untracked 
|  15|0x00000000a0f00000, 0x00000000a1000000, 0x00000000a1000000|100%| O|  |TAMS 0x00000000a1000000, 0x00000000a0f00000| Untracked 
|  16|0x00000000a1000000, 0x00000000a1100000, 0x00000000a1100000|100%| O|  |TAMS 0x00000000a1100000, 0x00000000a1000000| Untracked 
|  17|0x00000000a1100000, 0x00000000a1200000, 0x00000000a1200000|100%| O|  |TAMS 0x00000000a1200000, 0x00000000a1100000| Untracked 
|  18|0x00000000a1200000, 0x00000000a1300000, 0x00000000a1300000|100%| O|  |TAMS 0x00000000a1300000, 0x00000000a1200000| Untracked 
|  19|0x00000000a1300000, 0x00000000a1400000, 0x00000000a1400000|100%| O|  |TAMS 0x00000000a1400000, 0x00000000a1300000| Untracked 
|  20|0x00000000a1400000, 0x00000000a1400000, 0x00000000a1500000|  0%| F|  |TAMS 0x00000000a1400000, 0x00000000a1400000| Untracked 
|  21|0x00000000a1500000, 0x00000000a1600000, 0x00000000a1600000|100%| O|  |TAMS 0x00000000a1600000, 0x00000000a1500000| Untracked 
|  22|0x00000000a1600000, 0x00000000a1700000, 0x00000000a1700000|100%| O|  |TAMS 0x00000000a1700000, 0x00000000a1600000| Untracked 
|  23|0x00000000a1700000, 0x00000000a1800000, 0x00000000a1800000|100%| O|  |TAMS 0x00000000a1800000, 0x00000000a1700000| Untracked 
|  24|0x00000000a1800000, 0x00000000a1900000, 0x00000000a1900000|100%| O|  |TAMS 0x00000000a1900000, 0x00000000a1800000| Untracked 
|  25|0x00000000a1900000, 0x00000000a1a00000, 0x00000000a1a00000|100%| O|  |TAMS 0x00000000a1a00000, 0x00000000a1900000| Untracked 
|  26|0x00000000a1a00000, 0x00000000a1b00000, 0x00000000a1b00000|100%| O|  |TAMS 0x00000000a1b00000, 0x00000000a1a00000| Untracked 
|  27|0x00000000a1b00000, 0x00000000a1c00000, 0x00000000a1c00000|100%| O|  |TAMS 0x00000000a1c00000, 0x00000000a1b00000| Untracked 
|  28|0x00000000a1c00000, 0x00000000a1d00000, 0x00000000a1d00000|100%| O|  |TAMS 0x00000000a1d00000, 0x00000000a1c00000| Untracked 
|  29|0x00000000a1d00000, 0x00000000a1e00000, 0x00000000a1e00000|100%| O|  |TAMS 0x00000000a1e00000, 0x00000000a1d00000| Untracked 
|  30|0x00000000a1e00000, 0x00000000a1f00000, 0x00000000a1f00000|100%| O|  |TAMS 0x00000000a1f00000, 0x00000000a1e00000| Untracked 
|  31|0x00000000a1f00000, 0x00000000a2000000, 0x00000000a2000000|100%|HS|  |TAMS 0x00000000a2000000, 0x00000000a1f00000| Complete 
|  32|0x00000000a2000000, 0x00000000a2100000, 0x00000000a2100000|100%|HS|  |TAMS 0x00000000a2100000, 0x00000000a2000000| Complete 
|  33|0x00000000a2100000, 0x00000000a2200000, 0x00000000a2200000|100%|HS|  |TAMS 0x00000000a2200000, 0x00000000a2100000| Complete 
|  34|0x00000000a2200000, 0x00000000a2300000, 0x00000000a2300000|100%| O|  |TAMS 0x00000000a2300000, 0x00000000a2200000| Untracked 
|  35|0x00000000a2300000, 0x00000000a2400000, 0x00000000a2400000|100%| O|  |TAMS 0x00000000a2400000, 0x00000000a2300000| Untracked 
|  36|0x00000000a2400000, 0x00000000a2500000, 0x00000000a2500000|100%|HS|  |TAMS 0x00000000a2500000, 0x00000000a2400000| Complete 
|  37|0x00000000a2500000, 0x00000000a2600000, 0x00000000a2600000|100%|HC|  |TAMS 0x00000000a2600000, 0x00000000a2500000| Complete 
|  38|0x00000000a2600000, 0x00000000a2700000, 0x00000000a2700000|100%|HC|  |TAMS 0x00000000a2700000, 0x00000000a2600000| Complete 
|  39|0x00000000a2700000, 0x00000000a2800000, 0x00000000a2800000|100%| O|  |TAMS 0x00000000a2800000, 0x00000000a2700000| Untracked 
|  40|0x00000000a2800000, 0x00000000a2900000, 0x00000000a2900000|100%| O|  |TAMS 0x00000000a2900000, 0x00000000a2800000| Untracked 
|  41|0x00000000a2900000, 0x00000000a2a00000, 0x00000000a2a00000|100%| O|  |TAMS 0x00000000a2a00000, 0x00000000a2900000| Untracked 
|  42|0x00000000a2a00000, 0x00000000a2b00000, 0x00000000a2b00000|100%| O|  |TAMS 0x00000000a2b00000, 0x00000000a2a00000| Untracked 
|  43|0x00000000a2b00000, 0x00000000a2c00000, 0x00000000a2c00000|100%| O|  |TAMS 0x00000000a2c00000, 0x00000000a2b00000| Untracked 
|  44|0x00000000a2c00000, 0x00000000a2d00000, 0x00000000a2d00000|100%|HS|  |TAMS 0x00000000a2d00000, 0x00000000a2c00000| Complete 
|  45|0x00000000a2d00000, 0x00000000a2e00000, 0x00000000a2e00000|100%|HC|  |TAMS 0x00000000a2e00000, 0x00000000a2d00000| Complete 
|  46|0x00000000a2e00000, 0x00000000a2f00000, 0x00000000a2f00000|100%| O|  |TAMS 0x00000000a2f00000, 0x00000000a2e00000| Untracked 
|  47|0x00000000a2f00000, 0x00000000a3000000, 0x00000000a3000000|100%| O|  |TAMS 0x00000000a3000000, 0x00000000a2f00000| Untracked 
|  48|0x00000000a3000000, 0x00000000a3100000, 0x00000000a3100000|100%| O|  |TAMS 0x00000000a3100000, 0x00000000a3000000| Untracked 
|  49|0x00000000a3100000, 0x00000000a3200000, 0x00000000a3200000|100%| O|  |TAMS 0x00000000a3200000, 0x00000000a3100000| Untracked 
|  50|0x00000000a3200000, 0x00000000a3300000, 0x00000000a3300000|100%| O|  |TAMS 0x00000000a3300000, 0x00000000a3200000| Untracked 
|  51|0x00000000a3300000, 0x00000000a3400000, 0x00000000a3400000|100%| O|  |TAMS 0x00000000a3400000, 0x00000000a3300000| Untracked 
|  52|0x00000000a3400000, 0x00000000a3500000, 0x00000000a3500000|100%| O|  |TAMS 0x00000000a3500000, 0x00000000a3400000| Untracked 
|  53|0x00000000a3500000, 0x00000000a3600000, 0x00000000a3600000|100%| O|  |TAMS 0x00000000a3600000, 0x00000000a3500000| Untracked 
|  54|0x00000000a3600000, 0x00000000a3700000, 0x00000000a3700000|100%| O|  |TAMS 0x00000000a3700000, 0x00000000a3600000| Complete 
|  55|0x00000000a3700000, 0x00000000a3800000, 0x00000000a3800000|100%| O|  |TAMS 0x00000000a3800000, 0x00000000a3700000| Untracked 
|  56|0x00000000a3800000, 0x00000000a3900000, 0x00000000a3900000|100%| O|  |TAMS 0x00000000a3900000, 0x00000000a3800000| Untracked 
|  57|0x00000000a3900000, 0x00000000a3a00000, 0x00000000a3a00000|100%| O|  |TAMS 0x00000000a3a00000, 0x00000000a3900000| Untracked 
|  58|0x00000000a3a00000, 0x00000000a3b00000, 0x00000000a3b00000|100%| O|  |TAMS 0x00000000a3b00000, 0x00000000a3a00000| Untracked 
|  59|0x00000000a3b00000, 0x00000000a3c00000, 0x00000000a3c00000|100%| O|  |TAMS 0x00000000a3c00000, 0x00000000a3b00000| Untracked 
|  60|0x00000000a3c00000, 0x00000000a3d00000, 0x00000000a3d00000|100%| O|  |TAMS 0x00000000a3d00000, 0x00000000a3c00000| Untracked 
|  61|0x00000000a3d00000, 0x00000000a3e00000, 0x00000000a3e00000|100%| O|  |TAMS 0x00000000a3e00000, 0x00000000a3d00000| Untracked 
|  62|0x00000000a3e00000, 0x00000000a3f00000, 0x00000000a3f00000|100%| O|  |TAMS 0x00000000a3f00000, 0x00000000a3e00000| Untracked 
|  63|0x00000000a3f00000, 0x00000000a4000000, 0x00000000a4000000|100%| O|  |TAMS 0x00000000a4000000, 0x00000000a3f00000| Untracked 
|  64|0x00000000a4000000, 0x00000000a4100000, 0x00000000a4100000|100%| O|  |TAMS 0x00000000a4100000, 0x00000000a4000000| Untracked 
|  65|0x00000000a4100000, 0x00000000a4200000, 0x00000000a4200000|100%| O|  |TAMS 0x00000000a4200000, 0x00000000a4100000| Untracked 
|  66|0x00000000a4200000, 0x00000000a4300000, 0x00000000a4300000|100%| O|  |TAMS 0x00000000a4300000, 0x00000000a4200000| Untracked 
|  67|0x00000000a4300000, 0x00000000a4400000, 0x00000000a4400000|100%| O|  |TAMS 0x00000000a4400000, 0x00000000a4300000| Untracked 
|  68|0x00000000a4400000, 0x00000000a4500000, 0x00000000a4500000|100%| O|  |TAMS 0x00000000a4500000, 0x00000000a4400000| Untracked 
|  69|0x00000000a4500000, 0x00000000a4600000, 0x00000000a4600000|100%| O|  |TAMS 0x00000000a4600000, 0x00000000a4500000| Untracked 
|  70|0x00000000a4600000, 0x00000000a4700000, 0x00000000a4700000|100%| O|  |TAMS 0x00000000a4700000, 0x00000000a4600000| Untracked 
|  71|0x00000000a4700000, 0x00000000a4800000, 0x00000000a4800000|100%| O|  |TAMS 0x00000000a4800000, 0x00000000a4700000| Untracked 
|  72|0x00000000a4800000, 0x00000000a4900000, 0x00000000a4900000|100%| O|  |TAMS 0x00000000a4900000, 0x00000000a4800000| Untracked 
|  73|0x00000000a4900000, 0x00000000a4a00000, 0x00000000a4a00000|100%| O|  |TAMS 0x00000000a4a00000, 0x00000000a4900000| Untracked 
|  74|0x00000000a4a00000, 0x00000000a4b00000, 0x00000000a4b00000|100%| O|  |TAMS 0x00000000a4b00000, 0x00000000a4a00000| Untracked 
|  75|0x00000000a4b00000, 0x00000000a4b63a00, 0x00000000a4c00000| 38%| O|  |TAMS 0x00000000a4b63a00, 0x00000000a4b00000| Untracked 
|  76|0x00000000a4c00000, 0x00000000a4c00000, 0x00000000a4d00000|  0%| F|  |TAMS 0x00000000a4c00000, 0x00000000a4c00000| Untracked 
|  77|0x00000000a4d00000, 0x00000000a4d00000, 0x00000000a4e00000|  0%| F|  |TAMS 0x00000000a4d00000, 0x00000000a4d00000| Untracked 
|  78|0x00000000a4e00000, 0x00000000a4e00000, 0x00000000a4f00000|  0%| F|  |TAMS 0x00000000a4e00000, 0x00000000a4e00000| Untracked 
|  79|0x00000000a4f00000, 0x00000000a4f00000, 0x00000000a5000000|  0%| F|  |TAMS 0x00000000a4f00000, 0x00000000a4f00000| Untracked 
|  80|0x00000000a5000000, 0x00000000a5000000, 0x00000000a5100000|  0%| F|  |TAMS 0x00000000a5000000, 0x00000000a5000000| Untracked 
|  81|0x00000000a5100000, 0x00000000a5100000, 0x00000000a5200000|  0%| F|  |TAMS 0x00000000a5100000, 0x00000000a5100000| Untracked 
|  82|0x00000000a5200000, 0x00000000a5200000, 0x00000000a5300000|  0%| F|  |TAMS 0x00000000a5200000, 0x00000000a5200000| Untracked 
|  83|0x00000000a5300000, 0x00000000a5300000, 0x00000000a5400000|  0%| F|  |TAMS 0x00000000a5300000, 0x00000000a5300000| Untracked 
|  84|0x00000000a5400000, 0x00000000a5400000, 0x00000000a5500000|  0%| F|  |TAMS 0x00000000a5400000, 0x00000000a5400000| Untracked 
|  85|0x00000000a5500000, 0x00000000a5500000, 0x00000000a5600000|  0%| F|  |TAMS 0x00000000a5500000, 0x00000000a5500000| Untracked 
|  86|0x00000000a5600000, 0x00000000a5600000, 0x00000000a5700000|  0%| F|  |TAMS 0x00000000a5600000, 0x00000000a5600000| Untracked 
|  87|0x00000000a5700000, 0x00000000a5700000, 0x00000000a5800000|  0%| F|  |TAMS 0x00000000a5700000, 0x00000000a5700000| Untracked 
|  88|0x00000000a5800000, 0x00000000a5800000, 0x00000000a5900000|  0%| F|  |TAMS 0x00000000a5800000, 0x00000000a5800000| Untracked 
|  89|0x00000000a5900000, 0x00000000a5900000, 0x00000000a5a00000|  0%| F|  |TAMS 0x00000000a5900000, 0x00000000a5900000| Untracked 
|  90|0x00000000a5a00000, 0x00000000a5a00000, 0x00000000a5b00000|  0%| F|  |TAMS 0x00000000a5a00000, 0x00000000a5a00000| Untracked 
|  91|0x00000000a5b00000, 0x00000000a5b00000, 0x00000000a5c00000|  0%| F|  |TAMS 0x00000000a5b00000, 0x00000000a5b00000| Untracked 
|  92|0x00000000a5c00000, 0x00000000a5c00000, 0x00000000a5d00000|  0%| F|  |TAMS 0x00000000a5c00000, 0x00000000a5c00000| Untracked 
|  93|0x00000000a5d00000, 0x00000000a5d00000, 0x00000000a5e00000|  0%| F|  |TAMS 0x00000000a5d00000, 0x00000000a5d00000| Untracked 
|  94|0x00000000a5e00000, 0x00000000a5e00000, 0x00000000a5f00000|  0%| F|  |TAMS 0x00000000a5e00000, 0x00000000a5e00000| Untracked 
|  95|0x00000000a5f00000, 0x00000000a5f00000, 0x00000000a6000000|  0%| F|  |TAMS 0x00000000a5f00000, 0x00000000a5f00000| Untracked 
|  96|0x00000000a6000000, 0x00000000a6000000, 0x00000000a6100000|  0%| F|  |TAMS 0x00000000a6000000, 0x00000000a6000000| Untracked 
|  97|0x00000000a6100000, 0x00000000a6100000, 0x00000000a6200000|  0%| F|  |TAMS 0x00000000a6100000, 0x00000000a6100000| Untracked 
|  98|0x00000000a6200000, 0x00000000a6200000, 0x00000000a6300000|  0%| F|  |TAMS 0x00000000a6200000, 0x00000000a6200000| Untracked 
|  99|0x00000000a6300000, 0x00000000a6300000, 0x00000000a6400000|  0%| F|  |TAMS 0x00000000a6300000, 0x00000000a6300000| Untracked 
| 100|0x00000000a6400000, 0x00000000a6400000, 0x00000000a6500000|  0%| F|  |TAMS 0x00000000a6400000, 0x00000000a6400000| Untracked 
| 101|0x00000000a6500000, 0x00000000a6500000, 0x00000000a6600000|  0%| F|  |TAMS 0x00000000a6500000, 0x00000000a6500000| Untracked 
| 102|0x00000000a6600000, 0x00000000a66c4000, 0x00000000a6700000| 76%| S|CS|TAMS 0x00000000a6600000, 0x00000000a6600000| Complete 
| 103|0x00000000a6700000, 0x00000000a6800000, 0x00000000a6800000|100%| S|CS|TAMS 0x00000000a6700000, 0x00000000a6700000| Complete 
| 104|0x00000000a6800000, 0x00000000a6900000, 0x00000000a6900000|100%| S|CS|TAMS 0x00000000a6800000, 0x00000000a6800000| Complete 
| 105|0x00000000a6900000, 0x00000000a6a00000, 0x00000000a6a00000|100%| S|CS|TAMS 0x00000000a6900000, 0x00000000a6900000| Complete 
| 106|0x00000000a6a00000, 0x00000000a6a00000, 0x00000000a6b00000|  0%| F|  |TAMS 0x00000000a6a00000, 0x00000000a6a00000| Untracked 
| 107|0x00000000a6b00000, 0x00000000a6b00000, 0x00000000a6c00000|  0%| F|  |TAMS 0x00000000a6b00000, 0x00000000a6b00000| Untracked 
| 108|0x00000000a6c00000, 0x00000000a6c00000, 0x00000000a6d00000|  0%| F|  |TAMS 0x00000000a6c00000, 0x00000000a6c00000| Untracked 
| 109|0x00000000a6d00000, 0x00000000a6d00000, 0x00000000a6e00000|  0%| F|  |TAMS 0x00000000a6d00000, 0x00000000a6d00000| Untracked 
| 110|0x00000000a6e00000, 0x00000000a6e00000, 0x00000000a6f00000|  0%| F|  |TAMS 0x00000000a6e00000, 0x00000000a6e00000| Untracked 
| 111|0x00000000a6f00000, 0x00000000a6f00000, 0x00000000a7000000|  0%| F|  |TAMS 0x00000000a6f00000, 0x00000000a6f00000| Untracked 
| 112|0x00000000a7000000, 0x00000000a7000000, 0x00000000a7100000|  0%| F|  |TAMS 0x00000000a7000000, 0x00000000a7000000| Untracked 
| 113|0x00000000a7100000, 0x00000000a7100000, 0x00000000a7200000|  0%| F|  |TAMS 0x00000000a7100000, 0x00000000a7100000| Untracked 
| 114|0x00000000a7200000, 0x00000000a7200000, 0x00000000a7300000|  0%| F|  |TAMS 0x00000000a7200000, 0x00000000a7200000| Untracked 
| 115|0x00000000a7300000, 0x00000000a7300000, 0x00000000a7400000|  0%| F|  |TAMS 0x00000000a7300000, 0x00000000a7300000| Untracked 
| 116|0x00000000a7400000, 0x00000000a7400000, 0x00000000a7500000|  0%| F|  |TAMS 0x00000000a7400000, 0x00000000a7400000| Untracked 
| 117|0x00000000a7500000, 0x00000000a7500000, 0x00000000a7600000|  0%| F|  |TAMS 0x00000000a7500000, 0x00000000a7500000| Untracked 
| 118|0x00000000a7600000, 0x00000000a7600000, 0x00000000a7700000|  0%| F|  |TAMS 0x00000000a7600000, 0x00000000a7600000| Untracked 
| 119|0x00000000a7700000, 0x00000000a77e3fe0, 0x00000000a7800000| 89%| E|  |TAMS 0x00000000a7700000, 0x00000000a7700000| Complete 
| 120|0x00000000a7800000, 0x00000000a7900000, 0x00000000a7900000|100%| E|CS|TAMS 0x00000000a7800000, 0x00000000a7800000| Complete 
| 121|0x00000000a7900000, 0x00000000a7a00000, 0x00000000a7a00000|100%| E|CS|TAMS 0x00000000a7900000, 0x00000000a7900000| Complete 
| 122|0x00000000a7a00000, 0x00000000a7b00000, 0x00000000a7b00000|100%| E|CS|TAMS 0x00000000a7a00000, 0x00000000a7a00000| Complete 
| 123|0x00000000a7b00000, 0x00000000a7c00000, 0x00000000a7c00000|100%| E|CS|TAMS 0x00000000a7b00000, 0x00000000a7b00000| Complete 
| 124|0x00000000a7c00000, 0x00000000a7d00000, 0x00000000a7d00000|100%| E|CS|TAMS 0x00000000a7c00000, 0x00000000a7c00000| Complete 
| 125|0x00000000a7d00000, 0x00000000a7e00000, 0x00000000a7e00000|100%| E|CS|TAMS 0x00000000a7d00000, 0x00000000a7d00000| Complete 
| 126|0x00000000a7e00000, 0x00000000a7f00000, 0x00000000a7f00000|100%| E|CS|TAMS 0x00000000a7e00000, 0x00000000a7e00000| Complete 
| 127|0x00000000a7f00000, 0x00000000a8000000, 0x00000000a8000000|100%| E|CS|TAMS 0x00000000a7f00000, 0x00000000a7f00000| Complete 
| 128|0x00000000a8000000, 0x00000000a8100000, 0x00000000a8100000|100%| E|CS|TAMS 0x00000000a8000000, 0x00000000a8000000| Complete 
| 129|0x00000000a8100000, 0x00000000a8200000, 0x00000000a8200000|100%| E|CS|TAMS 0x00000000a8100000, 0x00000000a8100000| Complete 
| 130|0x00000000a8200000, 0x00000000a8300000, 0x00000000a8300000|100%| E|CS|TAMS 0x00000000a8200000, 0x00000000a8200000| Complete 
| 131|0x00000000a8300000, 0x00000000a8400000, 0x00000000a8400000|100%| E|CS|TAMS 0x00000000a8300000, 0x00000000a8300000| Complete 
| 132|0x00000000a8400000, 0x00000000a8500000, 0x00000000a8500000|100%| E|CS|TAMS 0x00000000a8400000, 0x00000000a8400000| Complete 
| 133|0x00000000a8500000, 0x00000000a8600000, 0x00000000a8600000|100%| E|CS|TAMS 0x00000000a8500000, 0x00000000a8500000| Complete 
| 134|0x00000000a8600000, 0x00000000a8700000, 0x00000000a8700000|100%| E|CS|TAMS 0x00000000a8600000, 0x00000000a8600000| Complete 
| 135|0x00000000a8700000, 0x00000000a8800000, 0x00000000a8800000|100%| E|CS|TAMS 0x00000000a8700000, 0x00000000a8700000| Complete 
| 136|0x00000000a8800000, 0x00000000a8900000, 0x00000000a8900000|100%| E|CS|TAMS 0x00000000a8800000, 0x00000000a8800000| Complete 
| 137|0x00000000a8900000, 0x00000000a8a00000, 0x00000000a8a00000|100%| E|CS|TAMS 0x00000000a8900000, 0x00000000a8900000| Complete 
| 138|0x00000000a8a00000, 0x00000000a8b00000, 0x00000000a8b00000|100%| E|CS|TAMS 0x00000000a8a00000, 0x00000000a8a00000| Complete 
| 139|0x00000000a8b00000, 0x00000000a8c00000, 0x00000000a8c00000|100%| E|CS|TAMS 0x00000000a8b00000, 0x00000000a8b00000| Complete 
| 140|0x00000000a8c00000, 0x00000000a8d00000, 0x00000000a8d00000|100%| E|CS|TAMS 0x00000000a8c00000, 0x00000000a8c00000| Complete 
| 141|0x00000000a8d00000, 0x00000000a8e00000, 0x00000000a8e00000|100%| E|CS|TAMS 0x00000000a8d00000, 0x00000000a8d00000| Complete 
| 142|0x00000000a8e00000, 0x00000000a8f00000, 0x00000000a8f00000|100%| E|CS|TAMS 0x00000000a8e00000, 0x00000000a8e00000| Complete 
| 143|0x00000000a8f00000, 0x00000000a9000000, 0x00000000a9000000|100%| E|CS|TAMS 0x00000000a8f00000, 0x00000000a8f00000| Complete 
| 144|0x00000000a9000000, 0x00000000a9100000, 0x00000000a9100000|100%| E|CS|TAMS 0x00000000a9000000, 0x00000000a9000000| Complete 
| 145|0x00000000a9100000, 0x00000000a9200000, 0x00000000a9200000|100%| E|CS|TAMS 0x00000000a9100000, 0x00000000a9100000| Complete 
| 146|0x00000000a9200000, 0x00000000a9300000, 0x00000000a9300000|100%| E|CS|TAMS 0x00000000a9200000, 0x00000000a9200000| Complete 
| 147|0x00000000a9300000, 0x00000000a9400000, 0x00000000a9400000|100%| E|CS|TAMS 0x00000000a9300000, 0x00000000a9300000| Complete 
| 148|0x00000000a9400000, 0x00000000a9500000, 0x00000000a9500000|100%| E|CS|TAMS 0x00000000a9400000, 0x00000000a9400000| Complete 
| 149|0x00000000a9500000, 0x00000000a9600000, 0x00000000a9600000|100%| E|CS|TAMS 0x00000000a9500000, 0x00000000a9500000| Complete 
| 150|0x00000000a9600000, 0x00000000a9700000, 0x00000000a9700000|100%| E|CS|TAMS 0x00000000a9600000, 0x00000000a9600000| Complete 
| 151|0x00000000a9700000, 0x00000000a9800000, 0x00000000a9800000|100%| E|CS|TAMS 0x00000000a9700000, 0x00000000a9700000| Complete 
| 152|0x00000000a9800000, 0x00000000a9900000, 0x00000000a9900000|100%| E|CS|TAMS 0x00000000a9800000, 0x00000000a9800000| Complete 
| 153|0x00000000a9900000, 0x00000000a9a00000, 0x00000000a9a00000|100%| E|CS|TAMS 0x00000000a9900000, 0x00000000a9900000| Complete 
| 154|0x00000000a9a00000, 0x00000000a9b00000, 0x00000000a9b00000|100%| E|CS|TAMS 0x00000000a9a00000, 0x00000000a9a00000| Complete 
| 155|0x00000000a9b00000, 0x00000000a9c00000, 0x00000000a9c00000|100%| E|CS|TAMS 0x00000000a9b00000, 0x00000000a9b00000| Complete 
| 156|0x00000000a9c00000, 0x00000000a9d00000, 0x00000000a9d00000|100%| E|CS|TAMS 0x00000000a9c00000, 0x00000000a9c00000| Complete 
| 157|0x00000000a9d00000, 0x00000000a9e00000, 0x00000000a9e00000|100%| E|CS|TAMS 0x00000000a9d00000, 0x00000000a9d00000| Complete 

Card table byte_map: [0x000001b3aff80000,0x000001b3b0280000] _byte_map_base: 0x000001b3afa80000

Marking Bits (Prev, Next): (CMBitMap*) 0x000001b39d4dfd60, (CMBitMap*) 0x000001b39d4dfda0
 Prev Bits: [0x000001b3b0580000, 0x000001b3b1d80000)
 Next Bits: [0x000001b3b1d80000, 0x000001b3b3580000)

Polling page: 0x000001b39b420000

Metaspace:

Usage:
  Non-class:     74.95 MB used.
      Class:     11.92 MB used.
       Both:     86.88 MB used.

Virtual space:
  Non-class space:       80.00 MB reserved,      75.38 MB ( 94%) committed,  10 nodes.
      Class space:        1.00 GB reserved,      12.19 MB (  1%) committed,  1 nodes.
             Both:        1.08 GB reserved,      87.56 MB (  8%) committed. 

Chunk freelists:
   Non-Class:  3.98 MB
       Class:  3.82 MB
        Both:  7.81 MB

MaxMetaspaceSize: unlimited
CompressedClassSpaceSize: 1.00 GB
Initial GC threshold: 21.00 MB
Current GC threshold: 142.62 MB
CDS: off
MetaspaceReclaimPolicy: balanced
 - commit_granule_bytes: 65536.
 - commit_granule_words: 8192.
 - virtual_space_node_default_size: 1048576.
 - enlarge_chunks_in_place: 1.
 - new_chunks_are_fully_committed: 0.
 - uncommit_free_chunks: 1.
 - use_allocation_guard: 0.
 - handle_deallocations: 1.


Internal statistics:

num_allocs_failed_limit: 8.
num_arena_births: 840.
num_arena_deaths: 0.
num_vsnodes_births: 11.
num_vsnodes_deaths: 0.
num_space_committed: 1401.
num_space_uncommitted: 0.
num_chunks_returned_to_freelist: 8.
num_chunks_taken_from_freelist: 4043.
num_chunk_merges: 3.
num_chunk_splits: 2685.
num_chunks_enlarged: 1807.
num_purges: 0.
num_inconsistent_stats: 0.

CodeHeap 'non-profiled nmethods': size=120000Kb used=3700Kb max_used=3700Kb free=116299Kb
 bounds [0x000001b3a8420000, 0x000001b3a87c0000, 0x000001b3af950000]
CodeHeap 'profiled nmethods': size=120000Kb used=15682Kb max_used=15682Kb free=104317Kb
 bounds [0x000001b3a0950000, 0x000001b3a18b0000, 0x000001b3a7e80000]
CodeHeap 'non-nmethods': size=5760Kb used=2384Kb max_used=2439Kb free=3375Kb
 bounds [0x000001b3a7e80000, 0x000001b3a8100000, 0x000001b3a8420000]
 total_blobs=9256 nmethods=8337 adapters=831
 compilation: enabled
              stopped_count=0, restarted_count=0
 full_count=0

Compilation events (20 events):
Event: 31.441 Thread 0x000001b3b685aab0 9362       3       org.gradle.internal.logging.events.RenderableOutputEvent::<init> (15 bytes)
Event: 31.441 Thread 0x000001b3b685aab0 nmethod 9362 0x000001b3a1891d90 code [0x000001b3a1891f40, 0x000001b3a1892278]
Event: 31.441 Thread 0x000001b3b685aab0 9366   !   3       java.io.BufferedWriter::write (117 bytes)
Event: 31.442 Thread 0x000001b3b685aab0 nmethod 9366 0x000001b3a1892390 code [0x000001b3a1892580, 0x000001b3a1892bc8]
Event: 31.442 Thread 0x000001b3b685aab0 9365   !   3       java.io.BufferedWriter::flushBuffer (53 bytes)
Event: 31.443 Thread 0x000001b3b685aab0 nmethod 9365 0x000001b3a1892f90 code [0x000001b3a1893180, 0x000001b3a1893678]
Event: 31.443 Thread 0x000001b3b685aab0 9367       3       sun.nio.cs.StreamEncoder::implWrite (137 bytes)
Event: 31.443 Thread 0x000001b3b685aab0 nmethod 9367 0x000001b3a1893890 code [0x000001b3a1893ac0, 0x000001b3a1894308]
Event: 31.443 Thread 0x000001b3b685aab0 9368   !   3       java.io.PrintStream::write (83 bytes)
Event: 31.445 Thread 0x000001b3b685aab0 nmethod 9368 0x000001b3a1894590 code [0x000001b3a1894820, 0x000001b3a1895558]
Event: 31.445 Thread 0x000001b3b685aab0 9364       3       org.gradle.internal.io.StreamByteBuffer::hasRemaining (17 bytes)
Event: 31.445 Thread 0x000001b3b685aab0 nmethod 9364 0x000001b3a1895c10 code [0x000001b3a1895dc0, 0x000001b3a1896038]
Event: 31.445 Thread 0x000001b3b685aab0 9363       1       org.gradle.launcher.daemon.server.exec.LogToClient::access$100 (5 bytes)
Event: 31.445 Thread 0x000001b3b685aab0 nmethod 9363 0x000001b3a87bcd10 code [0x000001b3a87bcea0, 0x000001b3a87bcf58]
Event: 31.450 Thread 0x000001b3b685aab0 9369       3       org.gradle.internal.serialize.DefaultSerializerRegistry$TaggedTypeSerializer::write (37 bytes)
Event: 31.451 Thread 0x000001b3b685aab0 nmethod 9369 0x000001b3a1896110 code [0x000001b3a18962e0, 0x000001b3a1896768]
Event: 31.451 Thread 0x000001b3b685aab0 9370       3       org.gradle.internal.serialize.DefaultSerializerRegistry$TaggedTypeSerializer::map (110 bytes)
Event: 31.452 Thread 0x000001b3b685aab0 nmethod 9370 0x000001b3a1896910 code [0x000001b3a1896c60, 0x000001b3a18982c8]
Event: 31.452 Thread 0x000001b3b685aab0 9372       1       java.nio.DirectByteBuffer::base (2 bytes)
Event: 31.452 Thread 0x000001b3b685aab0 nmethod 9372 0x000001b3a87bd010 code [0x000001b3a87bd1a0, 0x000001b3a87bd278]

GC Heap History (20 events):
Event: 14.789 GC heap before
{Heap before GC invocations=32 (full 0):
 garbage-first heap   total 111616K, used 76359K [0x00000000a0000000, 0x0000000100000000)
  region size 1024K, 23 young (23552K), 2 survivors (2048K)
 Metaspace       used 65435K, committed 65984K, reserved 1105920K
  class space    used 8556K, committed 8832K, reserved 1048576K
}
Event: 14.793 GC heap after
{Heap after GC invocations=33 (full 0):
 garbage-first heap   total 134144K, used 58406K [0x00000000a0000000, 0x0000000100000000)
  region size 1024K, 4 young (4096K), 4 survivors (4096K)
 Metaspace       used 65435K, committed 65984K, reserved 1105920K
  class space    used 8556K, committed 8832K, reserved 1048576K
}
Event: 15.626 GC heap before
{Heap before GC invocations=33 (full 0):
 garbage-first heap   total 134144K, used 97318K [0x00000000a0000000, 0x0000000100000000)
  region size 1024K, 41 young (41984K), 4 survivors (4096K)
 Metaspace       used 68784K, committed 69248K, reserved 1114112K
  class space    used 8982K, committed 9216K, reserved 1048576K
}
Event: 15.632 GC heap after
{Heap after GC invocations=34 (full 0):
 garbage-first heap   total 134144K, used 60204K [0x00000000a0000000, 0x0000000100000000)
  region size 1024K, 4 young (4096K), 4 survivors (4096K)
 Metaspace       used 68784K, committed 69248K, reserved 1114112K
  class space    used 8982K, committed 9216K, reserved 1048576K
}
Event: 15.953 GC heap before
{Heap before GC invocations=34 (full 0):
 garbage-first heap   total 134144K, used 99116K [0x00000000a0000000, 0x0000000100000000)
  region size 1024K, 42 young (43008K), 4 survivors (4096K)
 Metaspace       used 69281K, committed 69760K, reserved 1114112K
  class space    used 9064K, committed 9280K, reserved 1048576K
}
Event: 15.959 GC heap after
{Heap after GC invocations=35 (full 0):
 garbage-first heap   total 134144K, used 63822K [0x00000000a0000000, 0x0000000100000000)
  region size 1024K, 6 young (6144K), 6 survivors (6144K)
 Metaspace       used 69281K, committed 69760K, reserved 1114112K
  class space    used 9064K, committed 9280K, reserved 1048576K
}
Event: 16.387 GC heap before
{Heap before GC invocations=35 (full 0):
 garbage-first heap   total 134144K, used 101710K [0x00000000a0000000, 0x0000000100000000)
  region size 1024K, 43 young (44032K), 6 survivors (6144K)
 Metaspace       used 70442K, committed 71040K, reserved 1114112K
  class space    used 9294K, committed 9600K, reserved 1048576K
}
Event: 16.394 GC heap after
{Heap after GC invocations=36 (full 0):
 garbage-first heap   total 134144K, used 65403K [0x00000000a0000000, 0x0000000100000000)
  region size 1024K, 2 young (2048K), 2 survivors (2048K)
 Metaspace       used 70442K, committed 71040K, reserved 1114112K
  class space    used 9294K, committed 9600K, reserved 1048576K
}
Event: 16.748 GC heap before
{Heap before GC invocations=36 (full 0):
 garbage-first heap   total 134144K, used 104315K [0x00000000a0000000, 0x0000000100000000)
  region size 1024K, 40 young (40960K), 2 survivors (2048K)
 Metaspace       used 71519K, committed 72192K, reserved 1114112K
  class space    used 9425K, committed 9728K, reserved 1048576K
}
Event: 16.756 GC heap after
{Heap after GC invocations=37 (full 0):
 garbage-first heap   total 134144K, used 68223K [0x00000000a0000000, 0x0000000100000000)
  region size 1024K, 5 young (5120K), 5 survivors (5120K)
 Metaspace       used 71519K, committed 72192K, reserved 1114112K
  class space    used 9425K, committed 9728K, reserved 1048576K
}
Event: 17.421 GC heap before
{Heap before GC invocations=38 (full 0):
 garbage-first heap   total 134144K, used 104063K [0x00000000a0000000, 0x0000000100000000)
  region size 1024K, 41 young (41984K), 5 survivors (5120K)
 Metaspace       used 75368K, committed 75968K, reserved 1122304K
  class space    used 10157K, committed 10432K, reserved 1048576K
}
Event: 17.428 GC heap after
{Heap after GC invocations=39 (full 0):
 garbage-first heap   total 134144K, used 69558K [0x00000000a0000000, 0x0000000100000000)
  region size 1024K, 3 young (3072K), 3 survivors (3072K)
 Metaspace       used 75368K, committed 75968K, reserved 1122304K
  class space    used 10157K, committed 10432K, reserved 1048576K
}
Event: 17.938 GC heap before
{Heap before GC invocations=39 (full 0):
 garbage-first heap   total 134144K, used 107446K [0x00000000a0000000, 0x0000000100000000)
  region size 1024K, 40 young (40960K), 3 survivors (3072K)
 Metaspace       used 77841K, committed 78464K, reserved 1122304K
  class space    used 10520K, committed 10816K, reserved 1048576K
}
Event: 17.945 GC heap after
{Heap after GC invocations=40 (full 0):
 garbage-first heap   total 134144K, used 72927K [0x00000000a0000000, 0x0000000100000000)
  region size 1024K, 5 young (5120K), 5 survivors (5120K)
 Metaspace       used 77841K, committed 78464K, reserved 1122304K
  class space    used 10520K, committed 10816K, reserved 1048576K
}
Event: 18.453 GC heap before
{Heap before GC invocations=41 (full 0):
 garbage-first heap   total 134144K, used 107743K [0x00000000a0000000, 0x0000000100000000)
  region size 1024K, 39 young (39936K), 5 survivors (5120K)
 Metaspace       used 80109K, committed 80768K, reserved 1122304K
  class space    used 10897K, committed 11200K, reserved 1048576K
}
Event: 18.463 GC heap after
{Heap after GC invocations=42 (full 0):
 garbage-first heap   total 134144K, used 76633K [0x00000000a0000000, 0x0000000100000000)
  region size 1024K, 4 young (4096K), 4 survivors (4096K)
 Metaspace       used 80109K, committed 80768K, reserved 1122304K
  class space    used 10897K, committed 11200K, reserved 1048576K
}
Event: 18.524 GC heap before
{Heap before GC invocations=42 (full 0):
 garbage-first heap   total 134144K, used 78681K [0x00000000a0000000, 0x0000000100000000)
  region size 1024K, 6 young (6144K), 4 survivors (4096K)
 Metaspace       used 80375K, committed 81088K, reserved 1122304K
  class space    used 10935K, committed 11264K, reserved 1048576K
}
Event: 18.532 GC heap after
{Heap after GC invocations=43 (full 0):
 garbage-first heap   total 161792K, used 76861K [0x00000000a0000000, 0x0000000100000000)
  region size 1024K, 1 young (1024K), 1 survivors (1024K)
 Metaspace       used 80375K, committed 81088K, reserved 1122304K
  class space    used 10935K, committed 11264K, reserved 1048576K
}
Event: 19.926 GC heap before
{Heap before GC invocations=43 (full 0):
 garbage-first heap   total 161792K, used 129085K [0x00000000a0000000, 0x0000000100000000)
  region size 1024K, 52 young (53248K), 1 survivors (1024K)
 Metaspace       used 86589K, committed 87296K, reserved 1130496K
  class space    used 11837K, committed 12160K, reserved 1048576K
}
Event: 19.934 GC heap after
{Heap after GC invocations=44 (full 0):
 garbage-first heap   total 161792K, used 79990K [0x00000000a0000000, 0x0000000100000000)
  region size 1024K, 4 young (4096K), 4 survivors (4096K)
 Metaspace       used 86589K, committed 87296K, reserved 1130496K
  class space    used 11837K, committed 12160K, reserved 1048576K
}

Dll operation events (2 events):
Event: 0.009 Loaded shared library G:\Android_Studio\jre\bin\java.dll
Event: 0.775 Loaded shared library G:\Android_Studio\jre\bin\verify.dll

Deoptimization events (20 events):
Event: 20.349 Thread 0x000001b3be2c4410 Uncommon trap: trap_request=0xffffffde fr.pc=0x000001b3a8562798 relative=0x0000000000000078
Event: 20.349 Thread 0x000001b3be2c4410 Uncommon trap: reason=class_check action=maybe_recompile pc=0x000001b3a8562798 method=java.util.Collections$SetFromMap.remove(Ljava/lang/Object;)Z @ 5 c2
Event: 20.349 Thread 0x000001b3be2c4410 DEOPT PACKING pc=0x000001b3a8562798 sp=0x0000007d8cffe700
Event: 20.349 Thread 0x000001b3be2c4410 DEOPT UNPACKING pc=0x000001b3a7ed69a3 sp=0x0000007d8cffe698 mode 2
Event: 20.372 Thread 0x000001b3be2c0a50 Uncommon trap: trap_request=0xffffffde fr.pc=0x000001b3a8562798 relative=0x0000000000000078
Event: 20.372 Thread 0x000001b3be2c0a50 Uncommon trap: reason=class_check action=maybe_recompile pc=0x000001b3a8562798 method=java.util.Collections$SetFromMap.remove(Ljava/lang/Object;)Z @ 5 c2
Event: 20.372 Thread 0x000001b3be2c0a50 DEOPT PACKING pc=0x000001b3a8562798 sp=0x0000007d8cefdb50
Event: 20.372 Thread 0x000001b3be2c0a50 DEOPT UNPACKING pc=0x000001b3a7ed69a3 sp=0x0000007d8cefdae8 mode 2
Event: 20.373 Thread 0x000001b3be2c0a50 Uncommon trap: trap_request=0xffffffde fr.pc=0x000001b3a8562798 relative=0x0000000000000078
Event: 20.373 Thread 0x000001b3be2c0a50 Uncommon trap: reason=class_check action=maybe_recompile pc=0x000001b3a8562798 method=java.util.Collections$SetFromMap.remove(Ljava/lang/Object;)Z @ 5 c2
Event: 20.373 Thread 0x000001b3be2c0a50 DEOPT PACKING pc=0x000001b3a8562798 sp=0x0000007d8cefdb50
Event: 20.373 Thread 0x000001b3be2c0a50 DEOPT UNPACKING pc=0x000001b3a7ed69a3 sp=0x0000007d8cefdae8 mode 2
Event: 20.373 Thread 0x000001b3be2c0a50 Uncommon trap: trap_request=0xffffffde fr.pc=0x000001b3a8562798 relative=0x0000000000000078
Event: 20.373 Thread 0x000001b3be2c0a50 Uncommon trap: reason=class_check action=maybe_recompile pc=0x000001b3a8562798 method=java.util.Collections$SetFromMap.remove(Ljava/lang/Object;)Z @ 5 c2
Event: 20.373 Thread 0x000001b3be2c0a50 DEOPT PACKING pc=0x000001b3a8562798 sp=0x0000007d8cefdb50
Event: 20.373 Thread 0x000001b3be2c0a50 DEOPT UNPACKING pc=0x000001b3a7ed69a3 sp=0x0000007d8cefdae8 mode 2
Event: 20.477 Thread 0x000001b3be2c0f20 DEOPT PACKING pc=0x000001b3a16df78d sp=0x0000007d8d1fcd90
Event: 20.477 Thread 0x000001b3be2c0f20 DEOPT UNPACKING pc=0x000001b3a7ed7143 sp=0x0000007d8d1fc2b8 mode 0
Event: 20.500 Thread 0x000001b3be2c0f20 DEOPT PACKING pc=0x000001b3a13362cc sp=0x0000007d8d1fb390
Event: 20.500 Thread 0x000001b3be2c0f20 DEOPT UNPACKING pc=0x000001b3a7ed7143 sp=0x0000007d8d1fa898 mode 0

Classes unloaded (0 events):
No events

Classes redefined (0 events):
No events

Internal exceptions (20 events):
Event: 20.559 Thread 0x000001b3be2c0f20 Exception <a 'java/lang/ClassNotFoundException'{0x00000000a7a5d768}: org/gradle/process/internal/DefaultExecAction_DecoratedBeanInfo> (0x00000000a7a5d768) 
thrown [s\src\hotspot\share\classfile\systemDictionary.cpp, line 256]
Event: 20.560 Thread 0x000001b3be2c0f20 Exception <a 'java/lang/ClassNotFoundException'{0x00000000a7a6eec0}: org/gradle/process/internal/DefaultExecActionBeanInfo> (0x00000000a7a6eec0) 
thrown [s\src\hotspot\share\classfile\systemDictionary.cpp, line 256]
Event: 20.560 Thread 0x000001b3be2c0f20 Exception <a 'java/lang/ClassNotFoundException'{0x00000000a7a80fe0}: org/gradle/process/internal/DefaultExecHandleBuilderBeanInfo> (0x00000000a7a80fe0) 
thrown [s\src\hotspot\share\classfile\systemDictionary.cpp, line 256]
Event: 20.561 Thread 0x000001b3be2c0f20 Exception <a 'java/lang/ClassNotFoundException'{0x00000000a7a933a8}: org/gradle/process/internal/AbstractExecHandleBuilderBeanInfo> (0x00000000a7a933a8) 
thrown [s\src\hotspot\share\classfile\systemDictionary.cpp, line 256]
Event: 20.561 Thread 0x000001b3be2c0f20 Exception <a 'java/lang/ClassNotFoundException'{0x00000000a7aa6458}: org/gradle/process/internal/DefaultProcessForkOptionsBeanInfo> (0x00000000a7aa6458) 
thrown [s\src\hotspot\share\classfile\systemDictionary.cpp, line 256]
Event: 20.562 Thread 0x000001b3be2c0f20 Exception <a 'java/lang/ClassNotFoundException'{0x00000000a7ab8ba0}: org/gradle/process/internal/DefaultProcessForkOptionsCustomizer> (0x00000000a7ab8ba0) 
thrown [s\src\hotspot\share\classfile\systemDictionary.cpp, line 256]
Event: 20.564 Thread 0x000001b3be2c0f20 Exception <a 'java/lang/ClassNotFoundException'{0x00000000a7ad8980}: org/gradle/process/internal/AbstractExecHandleBuilderCustomizer> (0x00000000a7ad8980) 
thrown [s\src\hotspot\share\classfile\systemDictionary.cpp, line 256]
Event: 20.565 Thread 0x000001b3be2c0f20 Exception <a 'java/lang/ClassNotFoundException'{0x00000000a7afd020}: org/gradle/process/internal/DefaultExecHandleBuilderCustomizer> (0x00000000a7afd020) 
thrown [s\src\hotspot\share\classfile\systemDictionary.cpp, line 256]
Event: 20.567 Thread 0x000001b3be2c0f20 Exception <a 'java/lang/ClassNotFoundException'{0x00000000a793cb90}: org/gradle/process/internal/DefaultExecActionCustomizer> (0x00000000a793cb90) 
thrown [s\src\hotspot\share\classfile\systemDictionary.cpp, line 256]
Event: 20.568 Thread 0x000001b3be2c0f20 Exception <a 'java/lang/ClassNotFoundException'{0x00000000a7958e18}: org/gradle/process/internal/DefaultExecAction_DecoratedCustomizer> (0x00000000a7958e18) 
thrown [s\src\hotspot\share\classfile\systemDictionary.cpp, line 256]
Event: 20.571 Thread 0x000001b3be2c0f20 Exception <a 'java/lang/ClassNotFoundException'{0x00000000a7991308}: org/gradle/api/logging/LogLevelBeanInfo> (0x00000000a7991308) 
thrown [s\src\hotspot\share\classfile\systemDictionary.cpp, line 256]
Event: 20.571 Thread 0x000001b3be2c0f20 Exception <a 'java/lang/ClassNotFoundException'{0x00000000a79a20a8}: org/gradle/api/logging/LogLevelCustomizer> (0x00000000a79a20a8) 
thrown [s\src\hotspot\share\classfile\systemDictionary.cpp, line 256]
Event: 20.574 Thread 0x000001b3be2c0f20 Exception <a 'java/lang/ClassNotFoundException'{0x00000000a79e5d18}: org/gradle/internal/logging/services/DefaultLoggingManagerBeanInfo> (0x00000000a79e5d18) 
thrown [s\src\hotspot\share\classfile\systemDictionary.cpp, line 256]
Event: 20.575 Thread 0x000001b3be2c0f20 Exception <a 'java/lang/ClassNotFoundException'{0x00000000a79f71e8}: org/gradle/internal/logging/services/DefaultLoggingManagerCustomizer> (0x00000000a79f71e8) 
thrown [s\src\hotspot\share\classfile\systemDictionary.cpp, line 256]
Event: 20.578 Thread 0x000001b3be2c0f20 Exception <a 'java/lang/ClassNotFoundException'{0x00000000a78287b8}: java/lang/BooleanBeanInfo> (0x00000000a78287b8) 
thrown [s\src\hotspot\share\classfile\systemDictionary.cpp, line 256]
Event: 20.578 Thread 0x000001b3be2c0f20 Exception <a 'java/lang/ClassNotFoundException'{0x00000000a782f570}: java/lang/BooleanCustomizer> (0x00000000a782f570) 
thrown [s\src\hotspot\share\classfile\systemDictionary.cpp, line 256]
Event: 20.609 Thread 0x000001b3be2c48e0 Exception <a 'java/lang/NoSuchMethodError'{0x00000000a78a27f8}: 'void java.lang.invoke.DirectMethodHandle$Holder.invokeStatic(java.lang.Object, long)'> (0x00000000a78a27f8) 
thrown [s\src\hotspot\share\interpreter\linkResolver.cpp, line 771]
Event: 20.610 Thread 0x000001b3be2c48e0 Exception <a 'java/lang/NoSuchMethodError'{0x00000000a78a7ab0}: 'java.lang.Object java.lang.invoke.DirectMethodHandle$Holder.newInvokeSpecial(java.lang.Object, long)'> (0x00000000a78a7ab0) 
thrown [s\src\hotspot\share\interpreter\linkResolver.cpp, line 771]
Event: 20.613 Thread 0x000001b3be2c48e0 Exception <a 'java/lang/NoSuchMethodError'{0x00000000a78ae628}: 'java.lang.Object java.lang.invoke.DirectMethodHandle$Holder.invokeStatic(java.lang.Object, java.lang.Object, long, java.lang.Object)'> (0x00000000a78ae628) 
thrown [s\src\hotspot\share\interpreter\linkResolver.cpp, line 771]
Event: 20.613 Thread 0x000001b3be2c48e0 Exception <a 'java/lang/NoSuchMethodError'{0x00000000a78b20c0}: 'java.lang.Object java.lang.invoke.DirectMethodHandle$Holder.invokeStaticInit(java.lang.Object, java.lang.Object, long, java.lang.Object)'> (0x00000000a78b20c0) 
thrown [s\src\hotspot\share\interpreter\linkResolver.cpp, line 771]

VM Operations (20 events):
Event: 19.731 Executing VM operation: HandshakeAllThreads
Event: 19.731 Executing VM operation: HandshakeAllThreads done
Event: 19.926 Executing VM operation: G1CollectForAllocation
Event: 19.934 Executing VM operation: G1CollectForAllocation done
Event: 20.009 Executing VM operation: G1Concurrent
Event: 20.014 Executing VM operation: G1Concurrent done
Event: 20.043 Executing VM operation: G1Concurrent
Event: 20.043 Executing VM operation: G1Concurrent done
Event: 20.378 Executing VM operation: HandshakeAllThreads
Event: 20.379 Executing VM operation: HandshakeAllThreads done
Event: 20.476 Executing VM operation: ICBufferFull
Event: 20.476 Executing VM operation: ICBufferFull done
Event: 20.500 Executing VM operation: HandshakeAllThreads
Event: 20.500 Executing VM operation: HandshakeAllThreads done
Event: 21.502 Executing VM operation: Cleanup
Event: 21.502 Executing VM operation: Cleanup done
Event: 23.508 Executing VM operation: Cleanup
Event: 23.508 Executing VM operation: Cleanup done
Event: 31.361 Executing VM operation: HandshakeAllThreads
Event: 31.362 Executing VM operation: HandshakeAllThreads done

Events (20 events):
Event: 20.578 loading class java/lang/BooleanBeanInfo done
Event: 20.578 loading class java/lang/BooleanBeanInfo
Event: 20.578 loading class java/lang/BooleanBeanInfo done
Event: 20.578 loading class java/lang/BooleanCustomizer
Event: 20.578 loading class java/lang/BooleanCustomizer done
Event: 20.578 loading class java/lang/BooleanCustomizer
Event: 20.578 loading class java/lang/BooleanCustomizer done
Event: 20.587 Thread 0x000001b3be2c48e0 Thread added: 0x000001b3be2c48e0
Event: 20.588 loading class java/lang/ProcessImpl
Event: 20.589 loading class java/lang/ProcessImpl done
Event: 20.611 loading class java/lang/ProcessHandleImpl
Event: 20.611 loading class java/lang/ProcessHandleImpl done
Event: 20.614 loading class java/lang/ProcessImpl$2
Event: 20.614 loading class java/lang/ProcessImpl$2 done
Event: 20.614 loading class java/lang/Process$PipeInputStream
Event: 20.614 loading class java/lang/Process$PipeInputStream done
Event: 20.615 loading class jdk/internal/event/ProcessStartEvent
Event: 20.615 loading class jdk/internal/event/ProcessStartEvent done
Event: 20.616 Thread 0x000001b3be2c1d90 Thread added: 0x000001b3be2c1d90
Event: 20.617 Thread 0x000001b3be2c4db0 Thread added: 0x000001b3be2c4db0


Dynamic libraries:
0x00007ff664490000 - 0x00007ff66449a000 	G:\Android_Studio\jre\bin\java.exe
0x00007ffe74890000 - 0x00007ffe74aa4000 	C:\WINDOWS\SYSTEM32\ntdll.dll
0x00007ffe73540000 - 0x00007ffe73602000 	C:\WINDOWS\System32\KERNEL32.DLL
0x00007ffe71c90000 - 0x00007ffe72033000 	C:\WINDOWS\System32\KERNELBASE.dll
0x00007ffe720e0000 - 0x00007ffe721f1000 	C:\WINDOWS\System32\ucrtbase.dll
0x00007ffe40e10000 - 0x00007ffe40e2b000 	G:\Android_Studio\jre\bin\VCRUNTIME140.dll
0x00007ffe40df0000 - 0x00007ffe40e07000 	G:\Android_Studio\jre\bin\jli.dll
0x00007ffe73bc0000 - 0x00007ffe73d6b000 	C:\WINDOWS\System32\USER32.dll
0x00007ffe72040000 - 0x00007ffe72066000 	C:\WINDOWS\System32\win32u.dll
0x00007ffe58c10000 - 0x00007ffe58e9e000 	C:\WINDOWS\WinSxS\amd64_microsoft.windows.common-controls_6595b64144ccf1df_6.0.22621.1635_none_270f70857386168e\COMCTL32.dll
0x00007ffe73080000 - 0x00007ffe730a9000 	C:\WINDOWS\System32\GDI32.dll
0x00007ffe72490000 - 0x00007ffe725a9000 	C:\WINDOWS\System32\gdi32full.dll
0x00007ffe72f20000 - 0x00007ffe72fc7000 	C:\WINDOWS\System32\msvcrt.dll
0x00007ffe72280000 - 0x00007ffe7231a000 	C:\WINDOWS\System32\msvcp_win.dll
0x00007ffe74170000 - 0x00007ffe741a1000 	C:\WINDOWS\System32\IMM32.DLL
0x00007ffe40c90000 - 0x00007ffe40c9c000 	G:\Android_Studio\jre\bin\vcruntime140_1.dll
0x00007ffe26ac0000 - 0x00007ffe26b4d000 	G:\Android_Studio\jre\bin\msvcp140.dll
0x00007ffde1cb0000 - 0x00007ffde291d000 	G:\Android_Studio\jre\bin\server\jvm.dll
0x00007ffe72fd0000 - 0x00007ffe7307e000 	C:\WINDOWS\System32\ADVAPI32.dll
0x00007ffe747a0000 - 0x00007ffe74844000 	C:\WINDOWS\System32\sechost.dll
0x00007ffe73420000 - 0x00007ffe73537000 	C:\WINDOWS\System32\RPCRT4.dll
0x00007ffe02e60000 - 0x00007ffe02e69000 	C:\WINDOWS\SYSTEM32\WSOCK32.dll
0x00007ffe6b7b0000 - 0x00007ffe6b7e4000 	C:\WINDOWS\SYSTEM32\WINMM.dll
0x00007ffe6a1a0000 - 0x00007ffe6a1aa000 	C:\WINDOWS\SYSTEM32\VERSION.dll
0x00007ffe733a0000 - 0x00007ffe73411000 	C:\WINDOWS\System32\WS2_32.dll
0x00007ffe70ca0000 - 0x00007ffe70cb8000 	C:\WINDOWS\SYSTEM32\kernel.appcore.dll
0x00007ffe40c80000 - 0x00007ffe40c8a000 	G:\Android_Studio\jre\bin\jimage.dll
0x00007ffe5dc80000 - 0x00007ffe5deae000 	C:\WINDOWS\SYSTEM32\DBGHELP.DLL
0x00007ffe73d80000 - 0x00007ffe74109000 	C:\WINDOWS\System32\combase.dll
0x00007ffe744d0000 - 0x00007ffe745a7000 	C:\WINDOWS\System32\OLEAUT32.dll
0x00007ffe55110000 - 0x00007ffe55142000 	C:\WINDOWS\SYSTEM32\dbgcore.DLL
0x00007ffe72200000 - 0x00007ffe7227b000 	C:\WINDOWS\System32\bcryptPrimitives.dll
0x00007ffe40770000 - 0x00007ffe40795000 	G:\Android_Studio\jre\bin\java.dll
0x00007ffe40750000 - 0x00007ffe40768000 	G:\Android_Studio\jre\bin\zip.dll
0x00007ffe72700000 - 0x00007ffe72efa000 	C:\WINDOWS\System32\SHELL32.dll
0x00007ffe6fc40000 - 0x00007ffe7050e000 	C:\WINDOWS\SYSTEM32\windows.storage.dll
0x00007ffe6fb00000 - 0x00007ffe6fc3e000 	C:\WINDOWS\SYSTEM32\wintypes.dll
0x00007ffe74290000 - 0x00007ffe74381000 	C:\WINDOWS\System32\SHCORE.dll
0x00007ffe74110000 - 0x00007ffe7416e000 	C:\WINDOWS\System32\shlwapi.dll
0x00007ffe71bc0000 - 0x00007ffe71be1000 	C:\WINDOWS\SYSTEM32\profapi.dll
0x00007ffe40730000 - 0x00007ffe40749000 	G:\Android_Studio\jre\bin\net.dll
0x00007ffe6afc0000 - 0x00007ffe6b0f7000 	C:\WINDOWS\SYSTEM32\WINHTTP.dll
0x00007ffe71100000 - 0x00007ffe71169000 	C:\WINDOWS\system32\mswsock.dll
0x00007ffe38900000 - 0x00007ffe38916000 	G:\Android_Studio\jre\bin\nio.dll
0x00007ffe40c70000 - 0x00007ffe40c80000 	G:\Android_Studio\jre\bin\verify.dll
0x00007ffe38f20000 - 0x00007ffe38f47000 	C:\Users\HariOm\.gradle\native\e1d6ef7f7dcc3fd88c89a11ec53ec762bb8ba0a96d01ffa2cd45eb1d1d8dd5c5\windows-amd64\native-platform.dll
0x00007ffe32e20000 - 0x00007ffe32f64000 	C:\Users\HariOm\.gradle\native\0d407fdbe67a94daf76414ababcb853783967236a71b16ec16e742cd7a986fd3\windows-amd64\native-platform-file-events.dll
0x00007ffe390f0000 - 0x00007ffe390f9000 	G:\Android_Studio\jre\bin\management.dll
0x00007ffe38fb0000 - 0x00007ffe38fbb000 	G:\Android_Studio\jre\bin\management_ext.dll
0x00007ffe730d0000 - 0x00007ffe730d8000 	C:\WINDOWS\System32\PSAPI.DLL
0x00007ffe71420000 - 0x00007ffe7143b000 	C:\WINDOWS\SYSTEM32\CRYPTSP.dll
0x00007ffe70c10000 - 0x00007ffe70c45000 	C:\WINDOWS\system32\rsaenh.dll
0x00007ffe711a0000 - 0x00007ffe711c8000 	C:\WINDOWS\SYSTEM32\USERENV.dll
0x00007ffe71570000 - 0x00007ffe71598000 	C:\WINDOWS\SYSTEM32\bcrypt.dll
0x00007ffe71400000 - 0x00007ffe7140c000 	C:\WINDOWS\SYSTEM32\CRYPTBASE.dll
0x00007ffe707b0000 - 0x00007ffe707dd000 	C:\WINDOWS\SYSTEM32\IPHLPAPI.DLL
0x00007ffe73d70000 - 0x00007ffe73d79000 	C:\WINDOWS\System32\NSI.dll
0x00007ffe6b790000 - 0x00007ffe6b7a9000 	C:\WINDOWS\SYSTEM32\dhcpcsvc6.DLL
0x00007ffe6b770000 - 0x00007ffe6b78f000 	C:\WINDOWS\SYSTEM32\dhcpcsvc.DLL
0x00007ffe707e0000 - 0x00007ffe708d3000 	C:\WINDOWS\SYSTEM32\DNSAPI.dll
0x00007ffe5acd0000 - 0x00007ffe5acd8000 	C:\WINDOWS\system32\wshunix.dll

dbghelp: loaded successfully - version: 4.0.5 - missing functions: none
symbol engine: initialized successfully - sym options: 0x614 - pdb path: .;G:\Android_Studio\jre\bin;C:\WINDOWS\SYSTEM32;C:\WINDOWS\WinSxS\amd64_microsoft.windows.common-controls_6595b64144ccf1df_6.0.22621.1635_none_270f70857386168e;G:\Android_Studio\jre\bin\server;C:\Users\HariOm\.gradle\native\e1d6ef7f7dcc3fd88c89a11ec53ec762bb8ba0a96d01ffa2cd45eb1d1d8dd5c5\windows-amd64;C:\Users\HariOm\.gradle\native\0d407fdbe67a94daf76414ababcb853783967236a71b16ec16e742cd7a986fd3\windows-amd64

VM Arguments:
jvm_args: --add-opens=java.base/java.util=ALL-UNNAMED --add-opens=java.base/java.lang=ALL-UNNAMED --add-opens=java.base/java.lang.invoke=ALL-UNNAMED --add-opens=java.base/java.util=ALL-UNNAMED --add-opens=java.prefs/java.util.prefs=ALL-UNNAMED --add-opens=java.prefs/java.util.prefs=ALL-UNNAMED --add-opens=java.base/java.nio.charset=ALL-UNNAMED --add-opens=java.base/java.net=ALL-UNNAMED --add-opens=java.base/java.util.concurrent.atomic=ALL-UNNAMED -Xmx1536M -Dfile.encoding=windows-1252 -Duser.country=US -Duser.language=en -Duser.variant 
java_command: org.gradle.launcher.daemon.bootstrap.GradleDaemon 7.5
java_class_path (initial): C:\Users\HariOm\.gradle\wrapper\dists\gradle-7.5-all\6qsw290k5lz422uaf8jf6m7co\gradle-7.5\lib\gradle-launcher-7.5.jar
Launcher Type: SUN_STANDARD

[Global flags]
     intx CICompilerCount                          = 4                                         {product} {ergonomic}
     uint ConcGCThreads                            = 2                                         {product} {ergonomic}
     uint G1ConcRefinementThreads                  = 8                                         {product} {ergonomic}
   size_t G1HeapRegionSize                         = 1048576                                   {product} {ergonomic}
    uintx GCDrainStackTargetSize                   = 64                                        {product} {ergonomic}
   size_t InitialHeapSize                          = 100663296                                 {product} {ergonomic}
   size_t MarkStackSize                            = 4194304                                   {product} {ergonomic}
   size_t MaxHeapSize                              = 1610612736                                {product} {command line}
   size_t MaxNewSize                               = 965738496                                 {product} {ergonomic}
   size_t MinHeapDeltaBytes                        = 1048576                                   {product} {ergonomic}
   size_t MinHeapSize                              = 8388608                                   {product} {ergonomic}
    uintx NonNMethodCodeHeapSize                   = 5839372                                {pd product} {ergonomic}
    uintx NonProfiledCodeHeapSize                  = 122909434                              {pd product} {ergonomic}
    uintx ProfiledCodeHeapSize                     = 122909434                              {pd product} {ergonomic}
    uintx ReservedCodeCacheSize                    = 251658240                              {pd product} {ergonomic}
     bool SegmentedCodeCache                       = true                                      {product} {ergonomic}
   size_t SoftMaxHeapSize                          = 1610612736                             {manageable} {ergonomic}
     bool UseCompressedClassPointers               = true                           {product lp64_product} {ergonomic}
     bool UseCompressedOops                        = true                           {product lp64_product} {ergonomic}
     bool UseG1GC                                  = true                                      {product} {ergonomic}
     bool UseLargePagesIndividualAllocation        = false                                  {pd product} {ergonomic}

Logging:
Log output configuration:
 #0: stdout all=warning uptime,level,tags
 #1: stderr all=off uptime,level,tags

Environment Variables:
JAVA_HOME=G:\Android_Studio\jre
CLASSPATH=G:\EXTRA_LEARNING\Extra_Learning\App Development Learners space\Week1\Up_Down_Counter_App\up_down_counter\android\\gradle\wrapper\gradle-wrapper.jar
PATH=C:\Program Files\Common Files\Oracle\Java\javapath;G:\python38\Scripts\;G:\python38\;F:/4th_Spring/Texas Instruments/xdctools_3_16_02_32;C:\WINDOWS\system32;C:\WINDOWS;C:\WINDOWS\System32\Wbem;C:\WINDOWS\System32\WindowsPowerShell\v1.0\;C:\WINDOWS\System32\OpenSSH\;C:\Users\HariOm\AppData\Local\Programs\Python\Python310;C:\Users\HariOm\AppData\Local\Programs\Python\Python310\Scripts;C:\Program Files\PuTTY\;G:\msys2\mingw64\bin;G:\Git\cmd;C:\JupyterLab;F:/4th_Spring/Texas Instruments/xdctools_3_16_02_32;F:\GNU_RADIO;F:\GNU_RADIO\Library\mingw-w64\bin;F:\GNU_RADIO\Library\usr\bin;F:\GNU_RADIO\Library\bin;F:\GNU_RADIO\Scripts;C:\WINDOWS\system32;C:\WINDOWS;C:\WINDOWS\System32\Wbem;C:\WINDOWS\System32\WindowsPowerShell\v1.0\;C:\WINDOWS\System32\OpenSSH\;C:\Program Files\Docker\Docker\resources\bin;C:\ProgramData\DockerDesktop\version-bin;C:\users\HariOm\AppData\Programs\Python\Python39;C:\Users\HariOm\AppData\Local\Microsoft\WindowsApps;C:\Python39\Scripts;E:\Intel_Quartus\modelsim_ase\win32aloem;C:\Users\HariOm\AppData\Local\Microsoft\WindowsApps;F:\intelfpga\questa_fse\win64;F:\4th_Spring\EE705\Quartus_18.1\modelsim_ase\win32aloem;G:\Microsoft VS Code\bin;G:\flutter_windows_3.10.5-stable\flutter\bin;;G:\flutter_windows_3.10.5-stable\flutter\bin\mingit\cmd
USERNAME=HariOm
OS=Windows_NT
PROCESSOR_IDENTIFIER=AMD64 Family 23 Model 24 Stepping 1, AuthenticAMD
TMP=C:\Users\HariOm\AppData\Local\Temp
TEMP=C:\Users\HariOm\AppData\Local\Temp



---------------  S Y S T E M  ---------------

OS:
 Windows 11 , 64 bit Build 22621 (10.0.22621.1778)
OS uptime: 3 days 19:31 hours
Hyper-V role detected

CPU: total 8 (initial active 8) (8 cores per cpu, 2 threads per core) family 23 model 24 stepping 1 microcode 0x0, cx8, cmov, fxsr, ht, mmx, 3dnowpref, sse, sse2, sse3, ssse3, sse4a, sse4.1, sse4.2, popcnt, lzcnt, tsc, tscinvbit, avx, avx2, aes, clmul, bmi1, bmi2, adx, sha, fma, vzeroupper, clflush, clflushopt, hv

Memory: 4k page, system-wide physical 6086M (87M free)
TotalPageFile size 24518M (AvailPageFile size 123M)
current process WorkingSet (physical memory assigned to process): 372M, peak: 399M
current process commit charge ("private bytes"): 410M, peak: 434M

vm_info: OpenJDK 64-Bit Server VM (17.0.6+0-b2043.56-9586694) for windows-amd64 JRE (17.0.6+0-b2043.56-9586694), built on Feb  9 2023 20:06:20 by "androidbuild" with MS VC++ 16.10 / 16.11 (VS2019)

END.
